{"/home/aerilym/git/spotify-js/src/helpers.ts": {"path":"/home/aerilym/git/spotify-js/src/helpers.ts","statementMap":{"0":{"start":{"line":9,"column":28},"end":{"line":21,"column":1}},"1":{"start":{"line":11,"column":2},"end":{"line":19,"column":null}},"2":{"start":{"line":12,"column":4},"end":{"line":12,"column":25}},"3":{"start":{"line":13,"column":9},"end":{"line":19,"column":null}},"4":{"start":{"line":16,"column":4},"end":{"line":16,"column":97}},"5":{"start":{"line":16,"column":45},"end":{"line":16,"column":97}},"6":{"start":{"line":16,"column":46},"end":{"line":16,"column":97}},"7":{"start":{"line":16,"column":53},"end":{"line":16,"column":80}},"8":{"start":{"line":18,"column":4},"end":{"line":18,"column":19}},"9":{"start":{"line":20,"column":2},"end":{"line":20,"column":38}},"10":{"start":{"line":20,"column":22},"end":{"line":20,"column":37}},"11":{"start":{"line":9,"column":13},"end":{"line":9,"column":28}},"12":{"start":{"line":24,"column":32},"end":{"line":29,"column":1}},"13":{"start":{"line":25,"column":2},"end":{"line":27,"column":null}},"14":{"start":{"line":26,"column":4},"end":{"line":26,"column":15}},"15":{"start":{"line":28,"column":2},"end":{"line":28,"column":19}},"16":{"start":{"line":24,"column":13},"end":{"line":24,"column":32}},"17":{"start":{"line":36,"column":2},"end":{"line":36,"column":62}},"18":{"start":{"line":36,"column":24},"end":{"line":36,"column":62}},"19":{"start":{"line":37,"column":2},"end":{"line":37,"column":37}},"20":{"start":{"line":31,"column":0},"end":{"line":31,"column":16}},"21":{"start":{"line":41,"column":16},"end":{"line":41,"column":37}},"22":{"start":{"line":42,"column":2},"end":{"line":42,"column":24}},"23":{"start":{"line":40,"column":0},"end":{"line":40,"column":16}},"24":{"start":{"line":46,"column":2},"end":{"line":46,"column":38}},"25":{"start":{"line":45,"column":0},"end":{"line":45,"column":16}},"26":{"start":{"line":50,"column":2},"end":{"line":50,"column":50}},"27":{"start":{"line":50,"column":25},"end":{"line":50,"column":48}},"28":{"start":{"line":49,"column":0},"end":{"line":49,"column":16}}},"fnMap":{"0":{"name":"(anonymous_13)","decl":{"start":{"line":9,"column":28},"end":{"line":9,"column":29}},"loc":{"start":{"line":9,"column":59},"end":{"line":21,"column":1}}},"1":{"name":"(anonymous_14)","decl":{"start":{"line":16,"column":13},"end":{"line":16,"column":20}},"loc":{"start":{"line":16,"column":45},"end":{"line":16,"column":97}}},"2":{"name":"(anonymous_15)","decl":{"start":{"line":16,"column":45},"end":{"line":16,"column":46}},"loc":{"start":{"line":16,"column":45},"end":{"line":16,"column":97}}},"3":{"name":"(anonymous_16)","decl":{"start":{"line":16,"column":53},"end":{"line":16,"column":66}},"loc":{"start":{"line":16,"column":53},"end":{"line":16,"column":80}}},"4":{"name":"(anonymous_17)","decl":{"start":{"line":20,"column":9},"end":{"line":20,"column":10}},"loc":{"start":{"line":20,"column":22},"end":{"line":20,"column":37}}},"5":{"name":"(anonymous_18)","decl":{"start":{"line":24,"column":32},"end":{"line":24,"column":33}},"loc":{"start":{"line":24,"column":56},"end":{"line":29,"column":1}}},"6":{"name":"spotifyURI","decl":{"start":{"line":31,"column":16},"end":{"line":31,"column":26}},"loc":{"start":{"line":34,"column":15},"end":{"line":38,"column":1}}},"7":{"name":"isSpotifyID","decl":{"start":{"line":40,"column":16},"end":{"line":40,"column":27}},"loc":{"start":{"line":40,"column":38},"end":{"line":43,"column":1}}},"8":{"name":"createURI","decl":{"start":{"line":45,"column":16},"end":{"line":45,"column":25}},"loc":{"start":{"line":45,"column":66},"end":{"line":47,"column":1}}},"9":{"name":"createURIs","decl":{"start":{"line":49,"column":16},"end":{"line":49,"column":26}},"loc":{"start":{"line":49,"column":70},"end":{"line":51,"column":1}}},"10":{"name":"(anonymous_23)","decl":{"start":{"line":50,"column":17},"end":{"line":50,"column":18}},"loc":{"start":{"line":50,"column":25},"end":{"line":50,"column":48}}}},"branchMap":{"0":{"loc":{"start":{"line":11,"column":2},"end":{"line":19,"column":null}},"type":"if","locations":[{"start":{"line":11,"column":2},"end":{"line":19,"column":null}},{"start":{"line":13,"column":9},"end":{"line":19,"column":null}}]},"1":{"loc":{"start":{"line":13,"column":9},"end":{"line":19,"column":null}},"type":"if","locations":[{"start":{"line":13,"column":9},"end":{"line":19,"column":null}},{"start":{"line":17,"column":9},"end":{"line":19,"column":null}}]},"2":{"loc":{"start":{"line":25,"column":2},"end":{"line":27,"column":null}},"type":"if","locations":[{"start":{"line":25,"column":2},"end":{"line":27,"column":null}}]},"3":{"loc":{"start":{"line":36,"column":2},"end":{"line":36,"column":62}},"type":"if","locations":[{"start":{"line":36,"column":2},"end":{"line":36,"column":62}}]}},"s":{"0":12,"1":28,"2":1,"3":27,"4":27,"5":111,"6":111,"7":111,"8":0,"9":28,"10":112,"11":12,"12":12,"13":45,"14":18,"15":27,"16":12,"17":6,"18":3,"19":3,"20":12,"21":8,"22":8,"23":12,"24":4,"25":12,"26":2,"27":2,"28":12},"f":{"0":28,"1":111,"2":111,"3":111,"4":112,"5":45,"6":6,"7":8,"8":4,"9":2,"10":2},"b":{"0":[1,27],"1":[27,0],"2":[18],"3":[3]}}
,"/home/aerilym/git/spotify-js/src/index.ts": {"path":"/home/aerilym/git/spotify-js/src/index.ts","statementMap":{"0":{"start":{"line":1,"column":0},"end":{"line":1,"column":7}},"1":{"start":{"line":6,"column":9},"end":{"line":1,"column":35}},"2":{"start":{"line":2,"column":0},"end":{"line":2,"column":9}},"3":{"start":{"line":7,"column":9},"end":{"line":2,"column":33}},"4":{"start":{"line":3,"column":0},"end":{"line":3,"column":39}},"5":{"start":{"line":8,"column":9},"end":{"line":8,"column":14}},"6":{"start":{"line":4,"column":0},"end":{"line":4,"column":40}},"7":{"start":{"line":8,"column":16},"end":{"line":8,"column":22}}},"fnMap":{"0":{"name":"(anonymous_7)","decl":{"start":{"line":7,"column":9},"end":{"line":7,"column":13}},"loc":{"start":{"line":7,"column":9},"end":{"line":2,"column":33}}}},"branchMap":{},"s":{"0":11,"1":11,"2":11,"3":11,"4":11,"5":11,"6":11,"7":11},"f":{"0":0},"b":{}}
,"/home/aerilym/git/spotify-js/src/spotify.ts": {"path":"/home/aerilym/git/spotify-js/src/spotify.ts","statementMap":{"0":{"start":{"line":2,"column":0},"end":{"line":2,"column":83}},"1":{"start":{"line":30,"column":4},"end":{"line":32,"column":2}},"2":{"start":{"line":55,"column":2},"end":{"line":57,"column":4}},"3":{"start":{"line":56,"column":4},"end":{"line":56,"column":20}},"4":{"start":{"line":65,"column":2},"end":{"line":67,"column":4}},"5":{"start":{"line":66,"column":4},"end":{"line":66,"column":37}},"6":{"start":{"line":77,"column":2},"end":{"line":125,"column":4}},"7":{"start":{"line":77,"column":76},"end":{"line":125,"column":4}},"8":{"start":{"line":78,"column":4},"end":{"line":83,"column":null}},"9":{"start":{"line":79,"column":6},"end":{"line":81,"column":null}},"10":{"start":{"line":80,"column":8},"end":{"line":80,"column":98}},"11":{"start":{"line":82,"column":6},"end":{"line":82,"column":43}},"12":{"start":{"line":85,"column":46},"end":{"line":90,"column":6}},"13":{"start":{"line":93,"column":4},"end":{"line":109,"column":null}},"14":{"start":{"line":94,"column":6},"end":{"line":94,"column":23}},"15":{"start":{"line":96,"column":6},"end":{"line":96,"column":27}},"16":{"start":{"line":97,"column":6},"end":{"line":101,"column":null}},"17":{"start":{"line":98,"column":8},"end":{"line":98,"column":42}},"18":{"start":{"line":99,"column":27},"end":{"line":99,"column":88}},"19":{"start":{"line":100,"column":8},"end":{"line":100,"column":46}},"20":{"start":{"line":102,"column":6},"end":{"line":105,"column":null}},"21":{"start":{"line":103,"column":8},"end":{"line":103,"column":57}},"22":{"start":{"line":104,"column":8},"end":{"line":104,"column":66}},"23":{"start":{"line":106,"column":6},"end":{"line":108,"column":null}},"24":{"start":{"line":107,"column":8},"end":{"line":107,"column":45}},"25":{"start":{"line":111,"column":16},"end":{"line":111,"column":54}},"26":{"start":{"line":113,"column":4},"end":{"line":119,"column":null}},"27":{"start":{"line":115,"column":6},"end":{"line":117,"column":null}},"28":{"start":{"line":116,"column":8},"end":{"line":116,"column":32}},"29":{"start":{"line":118,"column":6},"end":{"line":118,"column":30}},"30":{"start":{"line":121,"column":22},"end":{"line":121,"column":38}},"31":{"start":{"line":122,"column":4},"end":{"line":124,"column":6}},"32":{"start":{"line":131,"column":2},"end":{"line":133,"column":4}},"33":{"start":{"line":131,"column":62},"end":{"line":133,"column":4}},"34":{"start":{"line":132,"column":4},"end":{"line":132,"column":42}},"35":{"start":{"line":139,"column":2},"end":{"line":141,"column":4}},"36":{"start":{"line":139,"column":78},"end":{"line":141,"column":4}},"37":{"start":{"line":140,"column":4},"end":{"line":140,"column":49}},"38":{"start":{"line":148,"column":2},"end":{"line":155,"column":4}},"39":{"start":{"line":148,"column":98},"end":{"line":155,"column":4}},"40":{"start":{"line":149,"column":43},"end":{"line":153,"column":6}},"41":{"start":{"line":154,"column":4},"end":{"line":154,"column":33}},"42":{"start":{"line":162,"column":2},"end":{"line":171,"column":4}},"43":{"start":{"line":164,"column":58},"end":{"line":171,"column":4}},"44":{"start":{"line":165,"column":43},"end":{"line":169,"column":6}},"45":{"start":{"line":170,"column":4},"end":{"line":170,"column":33}},"46":{"start":{"line":178,"column":2},"end":{"line":186,"column":4}},"47":{"start":{"line":180,"column":57},"end":{"line":186,"column":4}},"48":{"start":{"line":181,"column":43},"end":{"line":184,"column":6}},"49":{"start":{"line":185,"column":4},"end":{"line":185,"column":33}},"50":{"start":{"line":192,"column":2},"end":{"line":194,"column":4}},"51":{"start":{"line":192,"column":78},"end":{"line":194,"column":4}},"52":{"start":{"line":193,"column":4},"end":{"line":193,"column":49}},"53":{"start":{"line":201,"column":2},"end":{"line":210,"column":4}},"54":{"start":{"line":203,"column":53},"end":{"line":210,"column":4}},"55":{"start":{"line":204,"column":43},"end":{"line":208,"column":6}},"56":{"start":{"line":209,"column":4},"end":{"line":209,"column":33}},"57":{"start":{"line":217,"column":2},"end":{"line":226,"column":4}},"58":{"start":{"line":219,"column":55},"end":{"line":226,"column":4}},"59":{"start":{"line":220,"column":43},"end":{"line":224,"column":6}},"60":{"start":{"line":225,"column":4},"end":{"line":225,"column":33}},"61":{"start":{"line":233,"column":2},"end":{"line":241,"column":4}},"62":{"start":{"line":235,"column":56},"end":{"line":241,"column":4}},"63":{"start":{"line":236,"column":43},"end":{"line":239,"column":6}},"64":{"start":{"line":240,"column":4},"end":{"line":240,"column":33}},"65":{"start":{"line":247,"column":2},"end":{"line":249,"column":4}},"66":{"start":{"line":247,"column":76},"end":{"line":249,"column":4}},"67":{"start":{"line":248,"column":4},"end":{"line":248,"column":54}},"68":{"start":{"line":255,"column":2},"end":{"line":257,"column":4}},"69":{"start":{"line":255,"column":74},"end":{"line":257,"column":4}},"70":{"start":{"line":256,"column":4},"end":{"line":256,"column":53}},"71":{"start":{"line":263,"column":2},"end":{"line":265,"column":4}},"72":{"start":{"line":263,"column":96},"end":{"line":265,"column":4}},"73":{"start":{"line":264,"column":4},"end":{"line":264,"column":65}},"74":{"start":{"line":272,"column":2},"end":{"line":282,"column":4}},"75":{"start":{"line":272,"column":94},"end":{"line":282,"column":4}},"76":{"start":{"line":273,"column":43},"end":{"line":280,"column":6}},"77":{"start":{"line":281,"column":4},"end":{"line":281,"column":33}},"78":{"start":{"line":289,"column":2},"end":{"line":299,"column":4}},"79":{"start":{"line":289,"column":98},"end":{"line":299,"column":4}},"80":{"start":{"line":290,"column":43},"end":{"line":297,"column":6}},"81":{"start":{"line":298,"column":4},"end":{"line":298,"column":33}},"82":{"start":{"line":306,"column":2},"end":{"line":313,"column":4}},"83":{"start":{"line":306,"column":92},"end":{"line":313,"column":4}},"84":{"start":{"line":307,"column":43},"end":{"line":310,"column":6}},"85":{"start":{"line":312,"column":4},"end":{"line":312,"column":33}},"86":{"start":{"line":320,"column":2},"end":{"line":330,"column":4}},"87":{"start":{"line":320,"column":98},"end":{"line":330,"column":4}},"88":{"start":{"line":321,"column":43},"end":{"line":328,"column":6}},"89":{"start":{"line":329,"column":4},"end":{"line":329,"column":33}},"90":{"start":{"line":337,"column":2},"end":{"line":349,"column":4}},"91":{"start":{"line":339,"column":58},"end":{"line":349,"column":4}},"92":{"start":{"line":340,"column":43},"end":{"line":347,"column":6}},"93":{"start":{"line":348,"column":4},"end":{"line":348,"column":33}},"94":{"start":{"line":356,"column":2},"end":{"line":362,"column":4}},"95":{"start":{"line":356,"column":96},"end":{"line":362,"column":4}},"96":{"start":{"line":357,"column":43},"end":{"line":360,"column":6}},"97":{"start":{"line":361,"column":4},"end":{"line":361,"column":33}},"98":{"start":{"line":369,"column":2},"end":{"line":381,"column":4}},"99":{"start":{"line":371,"column":61},"end":{"line":381,"column":4}},"100":{"start":{"line":372,"column":43},"end":{"line":379,"column":6}},"101":{"start":{"line":380,"column":4},"end":{"line":380,"column":33}},"102":{"start":{"line":388,"column":2},"end":{"line":400,"column":4}},"103":{"start":{"line":390,"column":61},"end":{"line":400,"column":4}},"104":{"start":{"line":391,"column":43},"end":{"line":398,"column":6}},"105":{"start":{"line":399,"column":4},"end":{"line":399,"column":33}},"106":{"start":{"line":408,"column":2},"end":{"line":420,"column":4}},"107":{"start":{"line":411,"column":55},"end":{"line":420,"column":4}},"108":{"start":{"line":412,"column":43},"end":{"line":418,"column":6}},"109":{"start":{"line":419,"column":4},"end":{"line":419,"column":33}},"110":{"start":{"line":426,"column":2},"end":{"line":435,"column":4}},"111":{"start":{"line":426,"column":84},"end":{"line":435,"column":4}},"112":{"start":{"line":427,"column":43},"end":{"line":433,"column":6}},"113":{"start":{"line":434,"column":4},"end":{"line":434,"column":33}},"114":{"start":{"line":442,"column":2},"end":{"line":444,"column":4}},"115":{"start":{"line":442,"column":78},"end":{"line":444,"column":4}},"116":{"start":{"line":443,"column":4},"end":{"line":443,"column":55}},"117":{"start":{"line":451,"column":2},"end":{"line":453,"column":4}},"118":{"start":{"line":451,"column":96},"end":{"line":453,"column":4}},"119":{"start":{"line":452,"column":4},"end":{"line":452,"column":90}},"120":{"start":{"line":459,"column":2},"end":{"line":461,"column":4}},"121":{"start":{"line":459,"column":80},"end":{"line":461,"column":4}},"122":{"start":{"line":460,"column":4},"end":{"line":460,"column":52}},"123":{"start":{"line":468,"column":2},"end":{"line":470,"column":4}},"124":{"start":{"line":468,"column":89},"end":{"line":470,"column":4}},"125":{"start":{"line":469,"column":4},"end":{"line":469,"column":63}},"126":{"start":{"line":477,"column":2},"end":{"line":479,"column":4}},"127":{"start":{"line":477,"column":94},"end":{"line":479,"column":4}},"128":{"start":{"line":478,"column":4},"end":{"line":478,"column":75}},"129":{"start":{"line":486,"column":2},"end":{"line":490,"column":4}},"130":{"start":{"line":488,"column":54},"end":{"line":490,"column":4}},"131":{"start":{"line":489,"column":4},"end":{"line":489,"column":75}},"132":{"start":{"line":498,"column":2},"end":{"line":508,"column":4}},"133":{"start":{"line":501,"column":50},"end":{"line":508,"column":4}},"134":{"start":{"line":502,"column":43},"end":{"line":506,"column":6}},"135":{"start":{"line":507,"column":4},"end":{"line":507,"column":33}},"136":{"start":{"line":516,"column":2},"end":{"line":526,"column":4}},"137":{"start":{"line":519,"column":57},"end":{"line":526,"column":4}},"138":{"start":{"line":520,"column":43},"end":{"line":524,"column":6}},"139":{"start":{"line":525,"column":4},"end":{"line":525,"column":33}},"140":{"start":{"line":534,"column":2},"end":{"line":546,"column":4}},"141":{"start":{"line":537,"column":55},"end":{"line":546,"column":4}},"142":{"start":{"line":538,"column":43},"end":{"line":544,"column":6}},"143":{"start":{"line":545,"column":4},"end":{"line":545,"column":33}},"144":{"start":{"line":556,"column":2},"end":{"line":561,"column":4}},"145":{"start":{"line":559,"column":55},"end":{"line":561,"column":4}},"146":{"start":{"line":560,"column":4},"end":{"line":560,"column":53}},"147":{"start":{"line":572,"column":2},"end":{"line":578,"column":4}},"148":{"start":{"line":575,"column":55},"end":{"line":578,"column":4}},"149":{"start":{"line":576,"column":22},"end":{"line":576,"column":51}},"150":{"start":{"line":577,"column":4},"end":{"line":577,"column":53}},"151":{"start":{"line":585,"column":2},"end":{"line":591,"column":4}},"152":{"start":{"line":585,"column":98},"end":{"line":591,"column":4}},"153":{"start":{"line":586,"column":43},"end":{"line":589,"column":6}},"154":{"start":{"line":590,"column":4},"end":{"line":590,"column":33}},"155":{"start":{"line":599,"column":2},"end":{"line":609,"column":4}},"156":{"start":{"line":602,"column":57},"end":{"line":609,"column":4}},"157":{"start":{"line":603,"column":43},"end":{"line":607,"column":6}},"158":{"start":{"line":608,"column":4},"end":{"line":608,"column":33}},"159":{"start":{"line":619,"column":2},"end":{"line":624,"column":4}},"160":{"start":{"line":622,"column":57},"end":{"line":624,"column":4}},"161":{"start":{"line":623,"column":4},"end":{"line":623,"column":60}},"162":{"start":{"line":635,"column":2},"end":{"line":641,"column":4}},"163":{"start":{"line":638,"column":57},"end":{"line":641,"column":4}},"164":{"start":{"line":639,"column":22},"end":{"line":639,"column":51}},"165":{"start":{"line":640,"column":4},"end":{"line":640,"column":60}},"166":{"start":{"line":652,"column":2},"end":{"line":670,"column":4}},"167":{"start":{"line":658,"column":57},"end":{"line":670,"column":4}},"168":{"start":{"line":659,"column":43},"end":{"line":668,"column":6}},"169":{"start":{"line":669,"column":4},"end":{"line":669,"column":33}},"170":{"start":{"line":678,"column":2},"end":{"line":692,"column":4}},"171":{"start":{"line":681,"column":60},"end":{"line":692,"column":4}},"172":{"start":{"line":682,"column":43},"end":{"line":690,"column":6}},"173":{"start":{"line":687,"column":10},"end":{"line":687,"column":34}},"174":{"start":{"line":691,"column":4},"end":{"line":691,"column":33}},"175":{"start":{"line":702,"column":2},"end":{"line":707,"column":4}},"176":{"start":{"line":705,"column":60},"end":{"line":707,"column":4}},"177":{"start":{"line":706,"column":4},"end":{"line":706,"column":58}},"178":{"start":{"line":717,"column":2},"end":{"line":722,"column":4}},"179":{"start":{"line":720,"column":60},"end":{"line":722,"column":4}},"180":{"start":{"line":721,"column":4},"end":{"line":721,"column":57}},"181":{"start":{"line":731,"column":2},"end":{"line":748,"column":4}},"182":{"start":{"line":735,"column":60},"end":{"line":748,"column":4}},"183":{"start":{"line":736,"column":25},"end":{"line":738,"column":6}},"184":{"start":{"line":737,"column":6},"end":{"line":737,"column":26}},"185":{"start":{"line":739,"column":43},"end":{"line":746,"column":6}},"186":{"start":{"line":747,"column":4},"end":{"line":747,"column":33}},"187":{"start":{"line":758,"column":2},"end":{"line":772,"column":4}},"188":{"start":{"line":762,"column":60},"end":{"line":772,"column":4}},"189":{"start":{"line":763,"column":43},"end":{"line":770,"column":6}},"190":{"start":{"line":771,"column":4},"end":{"line":771,"column":33}},"191":{"start":{"line":780,"column":2},"end":{"line":791,"column":4}},"192":{"start":{"line":783,"column":66},"end":{"line":791,"column":4}},"193":{"start":{"line":784,"column":43},"end":{"line":789,"column":6}},"194":{"start":{"line":790,"column":4},"end":{"line":790,"column":33}},"195":{"start":{"line":798,"column":2},"end":{"line":800,"column":4}},"196":{"start":{"line":798,"column":80},"end":{"line":800,"column":4}},"197":{"start":{"line":799,"column":4},"end":{"line":799,"column":57}},"198":{"start":{"line":807,"column":2},"end":{"line":809,"column":4}},"199":{"start":{"line":807,"column":86},"end":{"line":809,"column":4}},"200":{"start":{"line":808,"column":4},"end":{"line":808,"column":69}},"201":{"start":{"line":816,"column":2},"end":{"line":822,"column":4}},"202":{"start":{"line":816,"column":87},"end":{"line":822,"column":4}},"203":{"start":{"line":817,"column":43},"end":{"line":820,"column":6}},"204":{"start":{"line":821,"column":4},"end":{"line":821,"column":33}},"205":{"start":{"line":829,"column":2},"end":{"line":831,"column":4}},"206":{"start":{"line":829,"column":80},"end":{"line":831,"column":4}},"207":{"start":{"line":830,"column":4},"end":{"line":830,"column":57}},"208":{"start":{"line":838,"column":2},"end":{"line":844,"column":4}},"209":{"start":{"line":838,"column":87},"end":{"line":844,"column":4}},"210":{"start":{"line":839,"column":43},"end":{"line":842,"column":6}},"211":{"start":{"line":843,"column":4},"end":{"line":843,"column":33}},"212":{"start":{"line":851,"column":2},"end":{"line":853,"column":4}},"213":{"start":{"line":851,"column":83},"end":{"line":853,"column":4}},"214":{"start":{"line":852,"column":4},"end":{"line":852,"column":59}},"215":{"start":{"line":860,"column":2},"end":{"line":866,"column":4}},"216":{"start":{"line":860,"column":90},"end":{"line":866,"column":4}},"217":{"start":{"line":861,"column":43},"end":{"line":864,"column":6}},"218":{"start":{"line":865,"column":4},"end":{"line":865,"column":33}},"219":{"start":{"line":873,"column":2},"end":{"line":875,"column":4}},"220":{"start":{"line":873,"column":90},"end":{"line":875,"column":4}},"221":{"start":{"line":874,"column":4},"end":{"line":874,"column":71}},"222":{"start":{"line":884,"column":2},"end":{"line":894,"column":4}},"223":{"start":{"line":887,"column":52},"end":{"line":894,"column":4}},"224":{"start":{"line":889,"column":43},"end":{"line":892,"column":6}},"225":{"start":{"line":893,"column":4},"end":{"line":893,"column":33}},"226":{"start":{"line":901,"column":2},"end":{"line":905,"column":4}},"227":{"start":{"line":903,"column":57},"end":{"line":905,"column":4}},"228":{"start":{"line":904,"column":4},"end":{"line":904,"column":80}},"229":{"start":{"line":911,"column":2},"end":{"line":913,"column":4}},"230":{"start":{"line":911,"column":89},"end":{"line":913,"column":4}},"231":{"start":{"line":912,"column":4},"end":{"line":912,"column":65}},"232":{"start":{"line":919,"column":2},"end":{"line":921,"column":4}},"233":{"start":{"line":919,"column":77},"end":{"line":921,"column":4}},"234":{"start":{"line":920,"column":4},"end":{"line":920,"column":59}},"235":{"start":{"line":927,"column":2},"end":{"line":929,"column":4}},"236":{"start":{"line":927,"column":77},"end":{"line":929,"column":4}},"237":{"start":{"line":928,"column":4},"end":{"line":928,"column":57}},"238":{"start":{"line":936,"column":2},"end":{"line":938,"column":4}},"239":{"start":{"line":936,"column":89},"end":{"line":938,"column":4}},"240":{"start":{"line":937,"column":4},"end":{"line":937,"column":71}},"241":{"start":{"line":945,"column":2},"end":{"line":949,"column":4}},"242":{"start":{"line":947,"column":53},"end":{"line":949,"column":4}},"243":{"start":{"line":948,"column":4},"end":{"line":948,"column":86}},"244":{"start":{"line":959,"column":2},"end":{"line":968,"column":4}},"245":{"start":{"line":959,"column":66},"end":{"line":968,"column":4}},"246":{"start":{"line":960,"column":43},"end":{"line":966,"column":6}},"247":{"start":{"line":967,"column":4},"end":{"line":967,"column":33}},"248":{"start":{"line":975,"column":2},"end":{"line":977,"column":4}},"249":{"start":{"line":975,"column":82},"end":{"line":977,"column":4}},"250":{"start":{"line":976,"column":4},"end":{"line":976,"column":41}},"251":{"start":{"line":984,"column":2},"end":{"line":986,"column":4}},"252":{"start":{"line":984,"column":84},"end":{"line":986,"column":4}},"253":{"start":{"line":985,"column":4},"end":{"line":985,"column":42}},"254":{"start":{"line":993,"column":2},"end":{"line":995,"column":4}},"255":{"start":{"line":993,"column":82},"end":{"line":995,"column":4}},"256":{"start":{"line":994,"column":4},"end":{"line":994,"column":41}},"257":{"start":{"line":1002,"column":2},"end":{"line":1004,"column":4}},"258":{"start":{"line":1002,"column":88},"end":{"line":1004,"column":4}},"259":{"start":{"line":1003,"column":4},"end":{"line":1003,"column":44}},"260":{"start":{"line":1011,"column":2},"end":{"line":1013,"column":4}},"261":{"start":{"line":1011,"column":80},"end":{"line":1013,"column":4}},"262":{"start":{"line":1012,"column":4},"end":{"line":1012,"column":40}},"263":{"start":{"line":1020,"column":2},"end":{"line":1022,"column":4}},"264":{"start":{"line":1020,"column":86},"end":{"line":1022,"column":4}},"265":{"start":{"line":1021,"column":4},"end":{"line":1021,"column":43}},"266":{"start":{"line":1029,"column":2},"end":{"line":1031,"column":4}},"267":{"start":{"line":1029,"column":98},"end":{"line":1031,"column":4}},"268":{"start":{"line":1030,"column":4},"end":{"line":1030,"column":65}},"269":{"start":{"line":1038,"column":2},"end":{"line":1046,"column":4}},"270":{"start":{"line":1040,"column":57},"end":{"line":1046,"column":4}},"271":{"start":{"line":1041,"column":43},"end":{"line":1044,"column":6}},"272":{"start":{"line":1045,"column":4},"end":{"line":1045,"column":33}},"273":{"start":{"line":1053,"column":2},"end":{"line":1055,"column":4}},"274":{"start":{"line":1053,"column":95},"end":{"line":1055,"column":4}},"275":{"start":{"line":1054,"column":4},"end":{"line":1054,"column":65}},"276":{"start":{"line":1062,"column":2},"end":{"line":1070,"column":4}},"277":{"start":{"line":1064,"column":60},"end":{"line":1070,"column":4}},"278":{"start":{"line":1065,"column":43},"end":{"line":1068,"column":6}},"279":{"start":{"line":1069,"column":4},"end":{"line":1069,"column":33}},"280":{"start":{"line":1076,"column":2},"end":{"line":1078,"column":4}},"281":{"start":{"line":1076,"column":87},"end":{"line":1078,"column":4}},"282":{"start":{"line":1077,"column":4},"end":{"line":1077,"column":77}},"283":{"start":{"line":1084,"column":2},"end":{"line":1086,"column":4}},"284":{"start":{"line":1084,"column":69},"end":{"line":1086,"column":4}},"285":{"start":{"line":1085,"column":4},"end":{"line":1085,"column":57}},"286":{"start":{"line":1092,"column":2},"end":{"line":1094,"column":4}},"287":{"start":{"line":1092,"column":86},"end":{"line":1094,"column":4}},"288":{"start":{"line":1093,"column":4},"end":{"line":1093,"column":49}},"289":{"start":{"line":1100,"column":2},"end":{"line":1102,"column":4}},"290":{"start":{"line":1100,"column":86},"end":{"line":1102,"column":4}},"291":{"start":{"line":1101,"column":4},"end":{"line":1101,"column":67}},"292":{"start":{"line":1110,"column":2},"end":{"line":1119,"column":4}},"293":{"start":{"line":1110,"column":64},"end":{"line":1119,"column":4}},"294":{"start":{"line":1111,"column":43},"end":{"line":1117,"column":6}},"295":{"start":{"line":1118,"column":4},"end":{"line":1118,"column":33}},"296":{"start":{"line":1126,"column":2},"end":{"line":1139,"column":4}},"297":{"start":{"line":1126,"column":54},"end":{"line":1139,"column":4}},"298":{"start":{"line":1127,"column":43},"end":{"line":1137,"column":6}},"299":{"start":{"line":1138,"column":4},"end":{"line":1138,"column":33}},"300":{"start":{"line":1147,"column":2},"end":{"line":1156,"column":4}},"301":{"start":{"line":1147,"column":96},"end":{"line":1156,"column":4}},"302":{"start":{"line":1149,"column":6},"end":{"line":1149,"column":88}},"303":{"start":{"line":1150,"column":43},"end":{"line":1154,"column":6}},"304":{"start":{"line":1155,"column":4},"end":{"line":1155,"column":33}},"305":{"start":{"line":1163,"column":2},"end":{"line":1170,"column":4}},"306":{"start":{"line":1163,"column":57},"end":{"line":1170,"column":4}},"307":{"start":{"line":1164,"column":43},"end":{"line":1168,"column":6}},"308":{"start":{"line":1169,"column":4},"end":{"line":1169,"column":33}},"309":{"start":{"line":1177,"column":2},"end":{"line":1184,"column":4}},"310":{"start":{"line":1177,"column":62},"end":{"line":1184,"column":4}},"311":{"start":{"line":1178,"column":43},"end":{"line":1182,"column":6}},"312":{"start":{"line":1183,"column":4},"end":{"line":1183,"column":33}},"313":{"start":{"line":1193,"column":2},"end":{"line":1200,"column":4}},"314":{"start":{"line":1193,"column":66},"end":{"line":1200,"column":4}},"315":{"start":{"line":1194,"column":43},"end":{"line":1198,"column":6}},"316":{"start":{"line":1199,"column":4},"end":{"line":1199,"column":33}},"317":{"start":{"line":1208,"column":2},"end":{"line":1219,"column":4}},"318":{"start":{"line":1208,"column":75},"end":{"line":1219,"column":4}},"319":{"start":{"line":1209,"column":19},"end":{"line":1212,"column":6}},"320":{"start":{"line":1213,"column":43},"end":{"line":1217,"column":6}},"321":{"start":{"line":1218,"column":4},"end":{"line":1218,"column":33}},"322":{"start":{"line":1227,"column":2},"end":{"line":1238,"column":4}},"323":{"start":{"line":1227,"column":79},"end":{"line":1238,"column":4}},"324":{"start":{"line":1228,"column":19},"end":{"line":1231,"column":6}},"325":{"start":{"line":1232,"column":43},"end":{"line":1236,"column":6}},"326":{"start":{"line":1237,"column":4},"end":{"line":1237,"column":33}},"327":{"start":{"line":1246,"column":2},"end":{"line":1257,"column":4}},"328":{"start":{"line":1246,"column":88},"end":{"line":1257,"column":4}},"329":{"start":{"line":1247,"column":19},"end":{"line":1250,"column":6}},"330":{"start":{"line":1251,"column":43},"end":{"line":1255,"column":6}},"331":{"start":{"line":1256,"column":4},"end":{"line":1256,"column":33}},"332":{"start":{"line":1265,"column":2},"end":{"line":1276,"column":4}},"333":{"start":{"line":1265,"column":82},"end":{"line":1276,"column":4}},"334":{"start":{"line":1266,"column":19},"end":{"line":1269,"column":6}},"335":{"start":{"line":1270,"column":43},"end":{"line":1274,"column":6}},"336":{"start":{"line":1275,"column":4},"end":{"line":1275,"column":33}},"337":{"start":{"line":1283,"column":2},"end":{"line":1289,"column":4}},"338":{"start":{"line":1283,"column":94},"end":{"line":1289,"column":4}},"339":{"start":{"line":1284,"column":43},"end":{"line":1287,"column":6}},"340":{"start":{"line":1288,"column":4},"end":{"line":1288,"column":33}},"341":{"start":{"line":1296,"column":2},"end":{"line":1305,"column":4}},"342":{"start":{"line":1299,"column":49},"end":{"line":1305,"column":4}},"343":{"start":{"line":1300,"column":43},"end":{"line":1303,"column":6}},"344":{"start":{"line":1304,"column":4},"end":{"line":1304,"column":33}},"345":{"start":{"line":1311,"column":2},"end":{"line":1313,"column":4}},"346":{"start":{"line":1311,"column":76},"end":{"line":1313,"column":4}},"347":{"start":{"line":1312,"column":4},"end":{"line":1312,"column":48}},"348":{"start":{"line":1320,"column":2},"end":{"line":1327,"column":4}},"349":{"start":{"line":1320,"column":96},"end":{"line":1327,"column":4}},"350":{"start":{"line":1321,"column":43},"end":{"line":1325,"column":6}},"351":{"start":{"line":1326,"column":4},"end":{"line":1326,"column":33}},"352":{"start":{"line":1334,"column":2},"end":{"line":1343,"column":4}},"353":{"start":{"line":1336,"column":54},"end":{"line":1343,"column":4}},"354":{"start":{"line":1337,"column":43},"end":{"line":1341,"column":6}},"355":{"start":{"line":1342,"column":4},"end":{"line":1342,"column":33}},"356":{"start":{"line":1350,"column":2},"end":{"line":1358,"column":4}},"357":{"start":{"line":1352,"column":55},"end":{"line":1358,"column":4}},"358":{"start":{"line":1353,"column":43},"end":{"line":1356,"column":6}},"359":{"start":{"line":1357,"column":4},"end":{"line":1357,"column":33}},"360":{"start":{"line":1365,"column":2},"end":{"line":1374,"column":4}},"361":{"start":{"line":1368,"column":48},"end":{"line":1374,"column":4}},"362":{"start":{"line":1369,"column":43},"end":{"line":1372,"column":6}},"363":{"start":{"line":1373,"column":4},"end":{"line":1373,"column":33}},"364":{"start":{"line":1381,"column":2},"end":{"line":1390,"column":4}},"365":{"start":{"line":1384,"column":49},"end":{"line":1390,"column":4}},"366":{"start":{"line":1385,"column":43},"end":{"line":1388,"column":6}},"367":{"start":{"line":1389,"column":4},"end":{"line":1389,"column":33}},"368":{"start":{"line":1397,"column":2},"end":{"line":1406,"column":4}},"369":{"start":{"line":1400,"column":52},"end":{"line":1406,"column":4}},"370":{"start":{"line":1401,"column":43},"end":{"line":1404,"column":6}},"371":{"start":{"line":1405,"column":4},"end":{"line":1405,"column":33}},"372":{"start":{"line":46,"column":18},"end":{"line":46,"column":55}},"373":{"start":{"line":47,"column":4},"end":{"line":47,"column":28}},"374":{"start":{"line":48,"column":4},"end":{"line":48,"column":46}},"375":{"start":{"line":49,"column":4},"end":{"line":49,"column":52}},"376":{"start":{"line":37,"column":0},"end":{"line":37,"column":21}},"377":{"start":{"line":1454,"column":2},"end":{"line":1460,"column":4}},"378":{"start":{"line":1455,"column":4},"end":{"line":1455,"column":35}},"379":{"start":{"line":1456,"column":4},"end":{"line":1456,"column":27}},"380":{"start":{"line":1456,"column":20},"end":{"line":1456,"column":27}},"381":{"start":{"line":1457,"column":16},"end":{"line":1457,"column":26}},"382":{"start":{"line":1458,"column":22},"end":{"line":1458,"column":64}},"383":{"start":{"line":1459,"column":4},"end":{"line":1459,"column":45}},"384":{"start":{"line":1465,"column":2},"end":{"line":1467,"column":4}},"385":{"start":{"line":1466,"column":4},"end":{"line":1466,"column":28}},"386":{"start":{"line":1472,"column":2},"end":{"line":1474,"column":4}},"387":{"start":{"line":1473,"column":4},"end":{"line":1473,"column":30}},"388":{"start":{"line":1479,"column":2},"end":{"line":1495,"column":4}},"389":{"start":{"line":1479,"column":76},"end":{"line":1495,"column":4}},"390":{"start":{"line":1480,"column":23},"end":{"line":1480,"column":56}},"391":{"start":{"line":1481,"column":4},"end":{"line":1494,"column":null}},"392":{"start":{"line":1483,"column":8},"end":{"line":1483,"column":44}},"393":{"start":{"line":1484,"column":8},"end":{"line":1484,"column":14}},"394":{"start":{"line":1487,"column":8},"end":{"line":1487,"column":73}},"395":{"start":{"line":1490,"column":8},"end":{"line":1490,"column":63}},"396":{"start":{"line":1493,"column":8},"end":{"line":1493,"column":57}},"397":{"start":{"line":1500,"column":2},"end":{"line":1505,"column":4}},"398":{"start":{"line":1501,"column":4},"end":{"line":1503,"column":null}},"399":{"start":{"line":1502,"column":6},"end":{"line":1502,"column":34}},"400":{"start":{"line":1504,"column":4},"end":{"line":1504,"column":32}},"401":{"start":{"line":1510,"column":2},"end":{"line":1513,"column":4}},"402":{"start":{"line":1511,"column":4},"end":{"line":1511,"column":33}},"403":{"start":{"line":1512,"column":4},"end":{"line":1512,"column":43}},"404":{"start":{"line":1519,"column":2},"end":{"line":1521,"column":4}},"405":{"start":{"line":1520,"column":4},"end":{"line":1520,"column":43}},"406":{"start":{"line":1526,"column":2},"end":{"line":1528,"column":4}},"407":{"start":{"line":1527,"column":4},"end":{"line":1527,"column":38}},"408":{"start":{"line":1535,"column":2},"end":{"line":1539,"column":4}},"409":{"start":{"line":1536,"column":4},"end":{"line":1536,"column":50}},"410":{"start":{"line":1536,"column":37},"end":{"line":1536,"column":50}},"411":{"start":{"line":1537,"column":16},"end":{"line":1537,"column":26}},"412":{"start":{"line":1538,"column":4},"end":{"line":1538,"column":44}},"413":{"start":{"line":1545,"column":2},"end":{"line":1547,"column":4}},"414":{"start":{"line":1546,"column":4},"end":{"line":1546,"column":29}},"415":{"start":{"line":1552,"column":2},"end":{"line":1554,"column":4}},"416":{"start":{"line":1553,"column":4},"end":{"line":1553,"column":27}},"417":{"start":{"line":1560,"column":2},"end":{"line":1562,"column":4}},"418":{"start":{"line":1561,"column":4},"end":{"line":1561,"column":37}},"419":{"start":{"line":1567,"column":2},"end":{"line":1569,"column":4}},"420":{"start":{"line":1568,"column":4},"end":{"line":1568,"column":31}},"421":{"start":{"line":1576,"column":2},"end":{"line":1601,"column":4}},"422":{"start":{"line":1576,"column":93},"end":{"line":1601,"column":4}},"423":{"start":{"line":1577,"column":4},"end":{"line":1577,"column":45}},"424":{"start":{"line":1577,"column":18},"end":{"line":1577,"column":45}},"425":{"start":{"line":1578,"column":4},"end":{"line":1578,"column":57}},"426":{"start":{"line":1578,"column":22},"end":{"line":1578,"column":57}},"427":{"start":{"line":1579,"column":4},"end":{"line":1581,"column":null}},"428":{"start":{"line":1580,"column":6},"end":{"line":1580,"column":63}},"429":{"start":{"line":1582,"column":20},"end":{"line":1582,"column":60}},"430":{"start":{"line":1583,"column":23},"end":{"line":1583,"column":44}},"431":{"start":{"line":1584,"column":4},"end":{"line":1584,"column":58}},"432":{"start":{"line":1585,"column":24},"end":{"line":1593,"column":6}},"433":{"start":{"line":1594,"column":16},"end":{"line":1594,"column":54}},"434":{"start":{"line":1595,"column":4},"end":{"line":1600,"column":null}},"435":{"start":{"line":1596,"column":43},"end":{"line":1596,"column":59}},"436":{"start":{"line":1597,"column":6},"end":{"line":1597,"column":52}},"437":{"start":{"line":1599,"column":6},"end":{"line":1599,"column":96}},"438":{"start":{"line":1434,"column":8},"end":{"line":1434,"column":21}},"439":{"start":{"line":1435,"column":4},"end":{"line":1435,"column":35}},"440":{"start":{"line":1436,"column":4},"end":{"line":1441,"column":null}},"441":{"start":{"line":1437,"column":6},"end":{"line":1437,"column":56}},"442":{"start":{"line":1438,"column":11},"end":{"line":1441,"column":null}},"443":{"start":{"line":1439,"column":18},"end":{"line":1439,"column":28}},"444":{"start":{"line":1440,"column":6},"end":{"line":1440,"column":89}},"445":{"start":{"line":1442,"column":4},"end":{"line":1442,"column":71}},"446":{"start":{"line":1443,"column":4},"end":{"line":1443,"column":29}},"447":{"start":{"line":1444,"column":4},"end":{"line":1444,"column":37}},"448":{"start":{"line":1445,"column":4},"end":{"line":1445,"column":25}},"449":{"start":{"line":1446,"column":4},"end":{"line":1446,"column":29}},"450":{"start":{"line":1412,"column":0},"end":{"line":1412,"column":13}}},"fnMap":{"0":{"name":"(anonymous_7)","decl":{"start":{"line":45,"column":2},"end":{"line":45,"column":14}},"loc":{"start":{"line":45,"column":47},"end":{"line":50,"column":3}}},"1":{"name":"(anonymous_8)","decl":{"start":{"line":55,"column":14},"end":{"line":55,"column":25}},"loc":{"start":{"line":55,"column":27},"end":{"line":57,"column":3}}},"2":{"name":"(anonymous_9)","decl":{"start":{"line":65,"column":19},"end":{"line":65,"column":20}},"loc":{"start":{"line":65,"column":40},"end":{"line":67,"column":3}}},"3":{"name":"(anonymous_10)","decl":{"start":{"line":77,"column":12},"end":{"line":77,"column":19}},"loc":{"start":{"line":77,"column":76},"end":{"line":125,"column":4}}},"4":{"name":"(anonymous_11)","decl":{"start":{"line":77,"column":76},"end":{"line":77,"column":null}},"loc":{"start":{"line":77,"column":76},"end":{"line":125,"column":3}}},"5":{"name":"(anonymous_12)","decl":{"start":{"line":131,"column":10},"end":{"line":131,"column":60}},"loc":{"start":{"line":131,"column":62},"end":{"line":133,"column":4}}},"6":{"name":"(anonymous_13)","decl":{"start":{"line":131,"column":62},"end":{"line":131,"column":null}},"loc":{"start":{"line":131,"column":62},"end":{"line":133,"column":3}}},"7":{"name":"(anonymous_14)","decl":{"start":{"line":139,"column":21},"end":{"line":139,"column":76}},"loc":{"start":{"line":139,"column":78},"end":{"line":141,"column":4}}},"8":{"name":"(anonymous_15)","decl":{"start":{"line":139,"column":78},"end":{"line":139,"column":null}},"loc":{"start":{"line":139,"column":78},"end":{"line":141,"column":3}}},"9":{"name":"(anonymous_16)","decl":{"start":{"line":148,"column":23},"end":{"line":148,"column":30}},"loc":{"start":{"line":148,"column":98},"end":{"line":155,"column":4}}},"10":{"name":"(anonymous_17)","decl":{"start":{"line":148,"column":98},"end":{"line":148,"column":null}},"loc":{"start":{"line":148,"column":98},"end":{"line":155,"column":3}}},"11":{"name":"(anonymous_18)","decl":{"start":{"line":162,"column":28},"end":{"line":162,"column":null}},"loc":{"start":{"line":164,"column":58},"end":{"line":171,"column":4}}},"12":{"name":"(anonymous_19)","decl":{"start":{"line":164,"column":58},"end":{"line":164,"column":null}},"loc":{"start":{"line":164,"column":58},"end":{"line":171,"column":3}}},"13":{"name":"(anonymous_20)","decl":{"start":{"line":178,"column":26},"end":{"line":178,"column":null}},"loc":{"start":{"line":180,"column":57},"end":{"line":186,"column":4}}},"14":{"name":"(anonymous_21)","decl":{"start":{"line":180,"column":57},"end":{"line":180,"column":null}},"loc":{"start":{"line":180,"column":57},"end":{"line":186,"column":3}}},"15":{"name":"(anonymous_22)","decl":{"start":{"line":192,"column":21},"end":{"line":192,"column":76}},"loc":{"start":{"line":192,"column":78},"end":{"line":194,"column":4}}},"16":{"name":"(anonymous_23)","decl":{"start":{"line":192,"column":78},"end":{"line":192,"column":null}},"loc":{"start":{"line":192,"column":78},"end":{"line":194,"column":3}}},"17":{"name":"(anonymous_24)","decl":{"start":{"line":201,"column":23},"end":{"line":201,"column":null}},"loc":{"start":{"line":203,"column":53},"end":{"line":210,"column":4}}},"18":{"name":"(anonymous_25)","decl":{"start":{"line":203,"column":53},"end":{"line":203,"column":null}},"loc":{"start":{"line":203,"column":53},"end":{"line":210,"column":3}}},"19":{"name":"(anonymous_26)","decl":{"start":{"line":217,"column":28},"end":{"line":217,"column":null}},"loc":{"start":{"line":219,"column":55},"end":{"line":226,"column":4}}},"20":{"name":"(anonymous_27)","decl":{"start":{"line":219,"column":55},"end":{"line":219,"column":null}},"loc":{"start":{"line":219,"column":55},"end":{"line":226,"column":3}}},"21":{"name":"(anonymous_28)","decl":{"start":{"line":233,"column":26},"end":{"line":233,"column":null}},"loc":{"start":{"line":235,"column":56},"end":{"line":241,"column":4}}},"22":{"name":"(anonymous_29)","decl":{"start":{"line":235,"column":56},"end":{"line":235,"column":null}},"loc":{"start":{"line":235,"column":56},"end":{"line":241,"column":3}}},"23":{"name":"(anonymous_30)","decl":{"start":{"line":247,"column":20},"end":{"line":247,"column":74}},"loc":{"start":{"line":247,"column":76},"end":{"line":249,"column":4}}},"24":{"name":"(anonymous_31)","decl":{"start":{"line":247,"column":76},"end":{"line":247,"column":null}},"loc":{"start":{"line":247,"column":76},"end":{"line":249,"column":3}}},"25":{"name":"(anonymous_32)","decl":{"start":{"line":255,"column":19},"end":{"line":255,"column":72}},"loc":{"start":{"line":255,"column":74},"end":{"line":257,"column":4}}},"26":{"name":"(anonymous_33)","decl":{"start":{"line":255,"column":74},"end":{"line":255,"column":null}},"loc":{"start":{"line":255,"column":74},"end":{"line":257,"column":3}}},"27":{"name":"(anonymous_34)","decl":{"start":{"line":263,"column":30},"end":{"line":263,"column":94}},"loc":{"start":{"line":263,"column":96},"end":{"line":265,"column":4}}},"28":{"name":"(anonymous_35)","decl":{"start":{"line":263,"column":96},"end":{"line":263,"column":null}},"loc":{"start":{"line":263,"column":96},"end":{"line":265,"column":3}}},"29":{"name":"(anonymous_36)","decl":{"start":{"line":272,"column":16},"end":{"line":272,"column":23}},"loc":{"start":{"line":272,"column":94},"end":{"line":282,"column":4}}},"30":{"name":"(anonymous_37)","decl":{"start":{"line":272,"column":94},"end":{"line":272,"column":null}},"loc":{"start":{"line":272,"column":94},"end":{"line":282,"column":3}}},"31":{"name":"(anonymous_38)","decl":{"start":{"line":289,"column":18},"end":{"line":289,"column":25}},"loc":{"start":{"line":289,"column":98},"end":{"line":299,"column":4}}},"32":{"name":"(anonymous_39)","decl":{"start":{"line":289,"column":98},"end":{"line":289,"column":null}},"loc":{"start":{"line":289,"column":98},"end":{"line":299,"column":3}}},"33":{"name":"(anonymous_40)","decl":{"start":{"line":306,"column":19},"end":{"line":306,"column":26}},"loc":{"start":{"line":306,"column":92},"end":{"line":313,"column":4}}},"34":{"name":"(anonymous_41)","decl":{"start":{"line":306,"column":92},"end":{"line":306,"column":null}},"loc":{"start":{"line":306,"column":92},"end":{"line":313,"column":3}}},"35":{"name":"(anonymous_42)","decl":{"start":{"line":320,"column":18},"end":{"line":320,"column":25}},"loc":{"start":{"line":320,"column":98},"end":{"line":330,"column":4}}},"36":{"name":"(anonymous_43)","decl":{"start":{"line":320,"column":98},"end":{"line":320,"column":null}},"loc":{"start":{"line":320,"column":98},"end":{"line":330,"column":3}}},"37":{"name":"(anonymous_44)","decl":{"start":{"line":337,"column":20},"end":{"line":337,"column":null}},"loc":{"start":{"line":339,"column":58},"end":{"line":349,"column":4}}},"38":{"name":"(anonymous_45)","decl":{"start":{"line":339,"column":58},"end":{"line":339,"column":null}},"loc":{"start":{"line":339,"column":58},"end":{"line":349,"column":3}}},"39":{"name":"(anonymous_46)","decl":{"start":{"line":356,"column":21},"end":{"line":356,"column":28}},"loc":{"start":{"line":356,"column":96},"end":{"line":362,"column":4}}},"40":{"name":"(anonymous_47)","decl":{"start":{"line":356,"column":96},"end":{"line":356,"column":null}},"loc":{"start":{"line":356,"column":96},"end":{"line":362,"column":3}}},"41":{"name":"(anonymous_48)","decl":{"start":{"line":369,"column":21},"end":{"line":369,"column":null}},"loc":{"start":{"line":371,"column":61},"end":{"line":381,"column":4}}},"42":{"name":"(anonymous_49)","decl":{"start":{"line":371,"column":61},"end":{"line":371,"column":null}},"loc":{"start":{"line":371,"column":61},"end":{"line":381,"column":3}}},"43":{"name":"(anonymous_50)","decl":{"start":{"line":388,"column":23},"end":{"line":388,"column":null}},"loc":{"start":{"line":390,"column":61},"end":{"line":400,"column":4}}},"44":{"name":"(anonymous_51)","decl":{"start":{"line":390,"column":61},"end":{"line":390,"column":null}},"loc":{"start":{"line":390,"column":61},"end":{"line":400,"column":3}}},"45":{"name":"(anonymous_52)","decl":{"start":{"line":408,"column":25},"end":{"line":408,"column":null}},"loc":{"start":{"line":411,"column":55},"end":{"line":420,"column":4}}},"46":{"name":"(anonymous_53)","decl":{"start":{"line":411,"column":55},"end":{"line":411,"column":null}},"loc":{"start":{"line":411,"column":55},"end":{"line":420,"column":3}}},"47":{"name":"(anonymous_54)","decl":{"start":{"line":426,"column":23},"end":{"line":426,"column":82}},"loc":{"start":{"line":426,"column":84},"end":{"line":435,"column":4}}},"48":{"name":"(anonymous_55)","decl":{"start":{"line":426,"column":84},"end":{"line":426,"column":null}},"loc":{"start":{"line":426,"column":84},"end":{"line":435,"column":3}}},"49":{"name":"(anonymous_56)","decl":{"start":{"line":442,"column":12},"end":{"line":442,"column":19}},"loc":{"start":{"line":442,"column":78},"end":{"line":444,"column":4}}},"50":{"name":"(anonymous_57)","decl":{"start":{"line":442,"column":78},"end":{"line":442,"column":null}},"loc":{"start":{"line":442,"column":78},"end":{"line":444,"column":3}}},"51":{"name":"(anonymous_58)","decl":{"start":{"line":451,"column":21},"end":{"line":451,"column":28}},"loc":{"start":{"line":451,"column":96},"end":{"line":453,"column":4}}},"52":{"name":"(anonymous_59)","decl":{"start":{"line":451,"column":96},"end":{"line":451,"column":null}},"loc":{"start":{"line":451,"column":96},"end":{"line":453,"column":3}}},"53":{"name":"(anonymous_60)","decl":{"start":{"line":459,"column":19},"end":{"line":459,"column":78}},"loc":{"start":{"line":459,"column":80},"end":{"line":461,"column":4}}},"54":{"name":"(anonymous_61)","decl":{"start":{"line":459,"column":80},"end":{"line":459,"column":null}},"loc":{"start":{"line":459,"column":80},"end":{"line":461,"column":3}}},"55":{"name":"(anonymous_62)","decl":{"start":{"line":468,"column":16},"end":{"line":468,"column":23}},"loc":{"start":{"line":468,"column":89},"end":{"line":470,"column":4}}},"56":{"name":"(anonymous_63)","decl":{"start":{"line":468,"column":89},"end":{"line":468,"column":null}},"loc":{"start":{"line":468,"column":89},"end":{"line":470,"column":3}}},"57":{"name":"(anonymous_64)","decl":{"start":{"line":477,"column":22},"end":{"line":477,"column":29}},"loc":{"start":{"line":477,"column":94},"end":{"line":479,"column":4}}},"58":{"name":"(anonymous_65)","decl":{"start":{"line":477,"column":94},"end":{"line":477,"column":null}},"loc":{"start":{"line":477,"column":94},"end":{"line":479,"column":3}}},"59":{"name":"(anonymous_66)","decl":{"start":{"line":486,"column":26},"end":{"line":486,"column":null}},"loc":{"start":{"line":488,"column":54},"end":{"line":490,"column":4}}},"60":{"name":"(anonymous_67)","decl":{"start":{"line":488,"column":54},"end":{"line":488,"column":null}},"loc":{"start":{"line":488,"column":54},"end":{"line":490,"column":3}}},"61":{"name":"(anonymous_68)","decl":{"start":{"line":498,"column":19},"end":{"line":498,"column":null}},"loc":{"start":{"line":501,"column":50},"end":{"line":508,"column":4}}},"62":{"name":"(anonymous_69)","decl":{"start":{"line":501,"column":50},"end":{"line":501,"column":null}},"loc":{"start":{"line":501,"column":50},"end":{"line":508,"column":3}}},"63":{"name":"(anonymous_70)","decl":{"start":{"line":516,"column":26},"end":{"line":516,"column":null}},"loc":{"start":{"line":519,"column":57},"end":{"line":526,"column":4}}},"64":{"name":"(anonymous_71)","decl":{"start":{"line":519,"column":57},"end":{"line":519,"column":null}},"loc":{"start":{"line":519,"column":57},"end":{"line":526,"column":3}}},"65":{"name":"(anonymous_72)","decl":{"start":{"line":534,"column":18},"end":{"line":534,"column":null}},"loc":{"start":{"line":537,"column":55},"end":{"line":546,"column":4}}},"66":{"name":"(anonymous_73)","decl":{"start":{"line":537,"column":55},"end":{"line":537,"column":null}},"loc":{"start":{"line":537,"column":55},"end":{"line":546,"column":3}}},"67":{"name":"(anonymous_74)","decl":{"start":{"line":556,"column":24},"end":{"line":556,"column":null}},"loc":{"start":{"line":559,"column":55},"end":{"line":561,"column":4}}},"68":{"name":"(anonymous_75)","decl":{"start":{"line":559,"column":55},"end":{"line":559,"column":null}},"loc":{"start":{"line":559,"column":55},"end":{"line":561,"column":3}}},"69":{"name":"(anonymous_76)","decl":{"start":{"line":572,"column":31},"end":{"line":572,"column":null}},"loc":{"start":{"line":575,"column":55},"end":{"line":578,"column":4}}},"70":{"name":"(anonymous_77)","decl":{"start":{"line":575,"column":55},"end":{"line":575,"column":null}},"loc":{"start":{"line":575,"column":55},"end":{"line":578,"column":3}}},"71":{"name":"(anonymous_78)","decl":{"start":{"line":585,"column":18},"end":{"line":585,"column":25}},"loc":{"start":{"line":585,"column":98},"end":{"line":591,"column":4}}},"72":{"name":"(anonymous_79)","decl":{"start":{"line":585,"column":98},"end":{"line":585,"column":null}},"loc":{"start":{"line":585,"column":98},"end":{"line":591,"column":3}}},"73":{"name":"(anonymous_80)","decl":{"start":{"line":599,"column":25},"end":{"line":599,"column":null}},"loc":{"start":{"line":602,"column":57},"end":{"line":609,"column":4}}},"74":{"name":"(anonymous_81)","decl":{"start":{"line":602,"column":57},"end":{"line":602,"column":null}},"loc":{"start":{"line":602,"column":57},"end":{"line":609,"column":3}}},"75":{"name":"(anonymous_82)","decl":{"start":{"line":619,"column":35},"end":{"line":619,"column":null}},"loc":{"start":{"line":622,"column":57},"end":{"line":624,"column":4}}},"76":{"name":"(anonymous_83)","decl":{"start":{"line":622,"column":57},"end":{"line":622,"column":null}},"loc":{"start":{"line":622,"column":57},"end":{"line":624,"column":3}}},"77":{"name":"(anonymous_84)","decl":{"start":{"line":635,"column":37},"end":{"line":635,"column":null}},"loc":{"start":{"line":638,"column":57},"end":{"line":641,"column":4}}},"78":{"name":"(anonymous_85)","decl":{"start":{"line":638,"column":57},"end":{"line":638,"column":null}},"loc":{"start":{"line":638,"column":57},"end":{"line":641,"column":3}}},"79":{"name":"(anonymous_86)","decl":{"start":{"line":652,"column":27},"end":{"line":652,"column":null}},"loc":{"start":{"line":658,"column":57},"end":{"line":670,"column":4}}},"80":{"name":"(anonymous_87)","decl":{"start":{"line":658,"column":57},"end":{"line":658,"column":null}},"loc":{"start":{"line":658,"column":57},"end":{"line":670,"column":3}}},"81":{"name":"(anonymous_88)","decl":{"start":{"line":678,"column":23},"end":{"line":678,"column":null}},"loc":{"start":{"line":681,"column":60},"end":{"line":692,"column":4}}},"82":{"name":"(anonymous_89)","decl":{"start":{"line":681,"column":60},"end":{"line":681,"column":null}},"loc":{"start":{"line":681,"column":60},"end":{"line":692,"column":3}}},"83":{"name":"(anonymous_90)","decl":{"start":{"line":686,"column":29},"end":{"line":686,"column":30}},"loc":{"start":{"line":686,"column":53},"end":{"line":688,"column":9}}},"84":{"name":"(anonymous_91)","decl":{"start":{"line":702,"column":29},"end":{"line":702,"column":null}},"loc":{"start":{"line":705,"column":60},"end":{"line":707,"column":4}}},"85":{"name":"(anonymous_92)","decl":{"start":{"line":705,"column":60},"end":{"line":705,"column":null}},"loc":{"start":{"line":705,"column":60},"end":{"line":707,"column":3}}},"86":{"name":"(anonymous_93)","decl":{"start":{"line":717,"column":36},"end":{"line":717,"column":null}},"loc":{"start":{"line":720,"column":60},"end":{"line":722,"column":4}}},"87":{"name":"(anonymous_94)","decl":{"start":{"line":720,"column":60},"end":{"line":720,"column":null}},"loc":{"start":{"line":720,"column":60},"end":{"line":722,"column":3}}},"88":{"name":"(anonymous_95)","decl":{"start":{"line":731,"column":42},"end":{"line":731,"column":null}},"loc":{"start":{"line":735,"column":60},"end":{"line":748,"column":4}}},"89":{"name":"(anonymous_96)","decl":{"start":{"line":735,"column":60},"end":{"line":735,"column":null}},"loc":{"start":{"line":735,"column":60},"end":{"line":748,"column":3}}},"90":{"name":"(anonymous_97)","decl":{"start":{"line":736,"column":38},"end":{"line":736,"column":48}},"loc":{"start":{"line":736,"column":51},"end":{"line":738,"column":5}}},"91":{"name":"(anonymous_98)","decl":{"start":{"line":758,"column":34},"end":{"line":758,"column":null}},"loc":{"start":{"line":762,"column":60},"end":{"line":772,"column":4}}},"92":{"name":"(anonymous_99)","decl":{"start":{"line":762,"column":60},"end":{"line":762,"column":null}},"loc":{"start":{"line":762,"column":60},"end":{"line":772,"column":3}}},"93":{"name":"(anonymous_100)","decl":{"start":{"line":780,"column":35},"end":{"line":780,"column":null}},"loc":{"start":{"line":783,"column":66},"end":{"line":791,"column":4}}},"94":{"name":"(anonymous_101)","decl":{"start":{"line":783,"column":66},"end":{"line":783,"column":null}},"loc":{"start":{"line":783,"column":66},"end":{"line":791,"column":3}}},"95":{"name":"(anonymous_102)","decl":{"start":{"line":798,"column":13},"end":{"line":798,"column":20}},"loc":{"start":{"line":798,"column":80},"end":{"line":800,"column":4}}},"96":{"name":"(anonymous_103)","decl":{"start":{"line":798,"column":80},"end":{"line":798,"column":null}},"loc":{"start":{"line":798,"column":80},"end":{"line":800,"column":3}}},"97":{"name":"(anonymous_104)","decl":{"start":{"line":807,"column":19},"end":{"line":807,"column":26}},"loc":{"start":{"line":807,"column":86},"end":{"line":809,"column":4}}},"98":{"name":"(anonymous_105)","decl":{"start":{"line":807,"column":86},"end":{"line":807,"column":null}},"loc":{"start":{"line":807,"column":86},"end":{"line":809,"column":3}}},"99":{"name":"(anonymous_106)","decl":{"start":{"line":816,"column":14},"end":{"line":816,"column":21}},"loc":{"start":{"line":816,"column":87},"end":{"line":822,"column":4}}},"100":{"name":"(anonymous_107)","decl":{"start":{"line":816,"column":87},"end":{"line":816,"column":null}},"loc":{"start":{"line":816,"column":87},"end":{"line":822,"column":3}}},"101":{"name":"(anonymous_108)","decl":{"start":{"line":829,"column":13},"end":{"line":829,"column":20}},"loc":{"start":{"line":829,"column":80},"end":{"line":831,"column":4}}},"102":{"name":"(anonymous_109)","decl":{"start":{"line":829,"column":80},"end":{"line":829,"column":null}},"loc":{"start":{"line":829,"column":80},"end":{"line":831,"column":3}}},"103":{"name":"(anonymous_110)","decl":{"start":{"line":838,"column":14},"end":{"line":838,"column":21}},"loc":{"start":{"line":838,"column":87},"end":{"line":844,"column":4}}},"104":{"name":"(anonymous_111)","decl":{"start":{"line":838,"column":87},"end":{"line":838,"column":null}},"loc":{"start":{"line":838,"column":87},"end":{"line":844,"column":3}}},"105":{"name":"(anonymous_112)","decl":{"start":{"line":851,"column":14},"end":{"line":851,"column":21}},"loc":{"start":{"line":851,"column":83},"end":{"line":853,"column":4}}},"106":{"name":"(anonymous_113)","decl":{"start":{"line":851,"column":83},"end":{"line":851,"column":null}},"loc":{"start":{"line":851,"column":83},"end":{"line":853,"column":3}}},"107":{"name":"(anonymous_114)","decl":{"start":{"line":860,"column":15},"end":{"line":860,"column":22}},"loc":{"start":{"line":860,"column":90},"end":{"line":866,"column":4}}},"108":{"name":"(anonymous_115)","decl":{"start":{"line":860,"column":90},"end":{"line":860,"column":null}},"loc":{"start":{"line":860,"column":90},"end":{"line":866,"column":3}}},"109":{"name":"(anonymous_116)","decl":{"start":{"line":873,"column":20},"end":{"line":873,"column":27}},"loc":{"start":{"line":873,"column":90},"end":{"line":875,"column":4}}},"110":{"name":"(anonymous_117)","decl":{"start":{"line":873,"column":90},"end":{"line":873,"column":null}},"loc":{"start":{"line":873,"column":90},"end":{"line":875,"column":3}}},"111":{"name":"(anonymous_118)","decl":{"start":{"line":884,"column":23},"end":{"line":884,"column":null}},"loc":{"start":{"line":887,"column":52},"end":{"line":894,"column":4}}},"112":{"name":"(anonymous_119)","decl":{"start":{"line":887,"column":52},"end":{"line":887,"column":null}},"loc":{"start":{"line":887,"column":52},"end":{"line":894,"column":3}}},"113":{"name":"(anonymous_120)","decl":{"start":{"line":901,"column":28},"end":{"line":901,"column":null}},"loc":{"start":{"line":903,"column":57},"end":{"line":905,"column":4}}},"114":{"name":"(anonymous_121)","decl":{"start":{"line":903,"column":57},"end":{"line":903,"column":null}},"loc":{"start":{"line":903,"column":57},"end":{"line":905,"column":3}}},"115":{"name":"(anonymous_122)","decl":{"start":{"line":911,"column":25},"end":{"line":911,"column":87}},"loc":{"start":{"line":911,"column":89},"end":{"line":913,"column":4}}},"116":{"name":"(anonymous_123)","decl":{"start":{"line":911,"column":89},"end":{"line":911,"column":null}},"loc":{"start":{"line":911,"column":89},"end":{"line":913,"column":3}}},"117":{"name":"(anonymous_124)","decl":{"start":{"line":919,"column":19},"end":{"line":919,"column":75}},"loc":{"start":{"line":919,"column":77},"end":{"line":921,"column":4}}},"118":{"name":"(anonymous_125)","decl":{"start":{"line":919,"column":77},"end":{"line":919,"column":null}},"loc":{"start":{"line":919,"column":77},"end":{"line":921,"column":3}}},"119":{"name":"(anonymous_126)","decl":{"start":{"line":927,"column":18},"end":{"line":927,"column":75}},"loc":{"start":{"line":927,"column":77},"end":{"line":929,"column":4}}},"120":{"name":"(anonymous_127)","decl":{"start":{"line":927,"column":77},"end":{"line":927,"column":null}},"loc":{"start":{"line":927,"column":77},"end":{"line":929,"column":3}}},"121":{"name":"(anonymous_128)","decl":{"start":{"line":936,"column":16},"end":{"line":936,"column":23}},"loc":{"start":{"line":936,"column":89},"end":{"line":938,"column":4}}},"122":{"name":"(anonymous_129)","decl":{"start":{"line":936,"column":89},"end":{"line":936,"column":null}},"loc":{"start":{"line":936,"column":89},"end":{"line":938,"column":3}}},"123":{"name":"(anonymous_130)","decl":{"start":{"line":945,"column":25},"end":{"line":945,"column":null}},"loc":{"start":{"line":947,"column":53},"end":{"line":949,"column":4}}},"124":{"name":"(anonymous_131)","decl":{"start":{"line":947,"column":53},"end":{"line":947,"column":null}},"loc":{"start":{"line":947,"column":53},"end":{"line":949,"column":3}}},"125":{"name":"(anonymous_132)","decl":{"start":{"line":959,"column":11},"end":{"line":959,"column":18}},"loc":{"start":{"line":959,"column":66},"end":{"line":968,"column":4}}},"126":{"name":"(anonymous_133)","decl":{"start":{"line":959,"column":66},"end":{"line":959,"column":null}},"loc":{"start":{"line":959,"column":66},"end":{"line":968,"column":3}}},"127":{"name":"(anonymous_134)","decl":{"start":{"line":975,"column":17},"end":{"line":975,"column":24}},"loc":{"start":{"line":975,"column":82},"end":{"line":977,"column":4}}},"128":{"name":"(anonymous_135)","decl":{"start":{"line":975,"column":82},"end":{"line":975,"column":null}},"loc":{"start":{"line":975,"column":82},"end":{"line":977,"column":3}}},"129":{"name":"(anonymous_136)","decl":{"start":{"line":984,"column":18},"end":{"line":984,"column":25}},"loc":{"start":{"line":984,"column":84},"end":{"line":986,"column":4}}},"130":{"name":"(anonymous_137)","decl":{"start":{"line":984,"column":84},"end":{"line":984,"column":null}},"loc":{"start":{"line":984,"column":84},"end":{"line":986,"column":3}}},"131":{"name":"(anonymous_138)","decl":{"start":{"line":993,"column":17},"end":{"line":993,"column":24}},"loc":{"start":{"line":993,"column":82},"end":{"line":995,"column":4}}},"132":{"name":"(anonymous_139)","decl":{"start":{"line":993,"column":82},"end":{"line":993,"column":null}},"loc":{"start":{"line":993,"column":82},"end":{"line":995,"column":3}}},"133":{"name":"(anonymous_140)","decl":{"start":{"line":1002,"column":20},"end":{"line":1002,"column":27}},"loc":{"start":{"line":1002,"column":88},"end":{"line":1004,"column":4}}},"134":{"name":"(anonymous_141)","decl":{"start":{"line":1002,"column":88},"end":{"line":1002,"column":null}},"loc":{"start":{"line":1002,"column":88},"end":{"line":1004,"column":3}}},"135":{"name":"(anonymous_142)","decl":{"start":{"line":1011,"column":16},"end":{"line":1011,"column":23}},"loc":{"start":{"line":1011,"column":80},"end":{"line":1013,"column":4}}},"136":{"name":"(anonymous_143)","decl":{"start":{"line":1011,"column":80},"end":{"line":1011,"column":null}},"loc":{"start":{"line":1011,"column":80},"end":{"line":1013,"column":3}}},"137":{"name":"(anonymous_144)","decl":{"start":{"line":1020,"column":19},"end":{"line":1020,"column":26}},"loc":{"start":{"line":1020,"column":86},"end":{"line":1022,"column":4}}},"138":{"name":"(anonymous_145)","decl":{"start":{"line":1020,"column":86},"end":{"line":1020,"column":null}},"loc":{"start":{"line":1020,"column":86},"end":{"line":1022,"column":3}}},"139":{"name":"(anonymous_146)","decl":{"start":{"line":1029,"column":29},"end":{"line":1029,"column":36}},"loc":{"start":{"line":1029,"column":98},"end":{"line":1031,"column":4}}},"140":{"name":"(anonymous_147)","decl":{"start":{"line":1029,"column":98},"end":{"line":1029,"column":null}},"loc":{"start":{"line":1029,"column":98},"end":{"line":1031,"column":3}}},"141":{"name":"(anonymous_148)","decl":{"start":{"line":1038,"column":30},"end":{"line":1038,"column":null}},"loc":{"start":{"line":1040,"column":57},"end":{"line":1046,"column":4}}},"142":{"name":"(anonymous_149)","decl":{"start":{"line":1040,"column":57},"end":{"line":1040,"column":null}},"loc":{"start":{"line":1040,"column":57},"end":{"line":1046,"column":3}}},"143":{"name":"(anonymous_150)","decl":{"start":{"line":1053,"column":29},"end":{"line":1053,"column":36}},"loc":{"start":{"line":1053,"column":95},"end":{"line":1055,"column":4}}},"144":{"name":"(anonymous_151)","decl":{"start":{"line":1053,"column":95},"end":{"line":1053,"column":null}},"loc":{"start":{"line":1053,"column":95},"end":{"line":1055,"column":3}}},"145":{"name":"(anonymous_152)","decl":{"start":{"line":1062,"column":23},"end":{"line":1062,"column":null}},"loc":{"start":{"line":1064,"column":60},"end":{"line":1070,"column":4}}},"146":{"name":"(anonymous_153)","decl":{"start":{"line":1064,"column":60},"end":{"line":1064,"column":null}},"loc":{"start":{"line":1064,"column":60},"end":{"line":1070,"column":3}}},"147":{"name":"(anonymous_154)","decl":{"start":{"line":1076,"column":27},"end":{"line":1076,"column":85}},"loc":{"start":{"line":1076,"column":87},"end":{"line":1078,"column":4}}},"148":{"name":"(anonymous_155)","decl":{"start":{"line":1076,"column":87},"end":{"line":1076,"column":null}},"loc":{"start":{"line":1076,"column":87},"end":{"line":1078,"column":3}}},"149":{"name":"(anonymous_156)","decl":{"start":{"line":1084,"column":17},"end":{"line":1084,"column":67}},"loc":{"start":{"line":1084,"column":69},"end":{"line":1086,"column":4}}},"150":{"name":"(anonymous_157)","decl":{"start":{"line":1084,"column":69},"end":{"line":1084,"column":null}},"loc":{"start":{"line":1084,"column":69},"end":{"line":1086,"column":3}}},"151":{"name":"(anonymous_158)","decl":{"start":{"line":1092,"column":30},"end":{"line":1092,"column":84}},"loc":{"start":{"line":1092,"column":86},"end":{"line":1094,"column":4}}},"152":{"name":"(anonymous_159)","decl":{"start":{"line":1092,"column":86},"end":{"line":1092,"column":null}},"loc":{"start":{"line":1092,"column":86},"end":{"line":1094,"column":3}}},"153":{"name":"(anonymous_160)","decl":{"start":{"line":1100,"column":29},"end":{"line":1100,"column":84}},"loc":{"start":{"line":1100,"column":86},"end":{"line":1102,"column":4}}},"154":{"name":"(anonymous_161)","decl":{"start":{"line":1100,"column":86},"end":{"line":1100,"column":null}},"loc":{"start":{"line":1100,"column":86},"end":{"line":1102,"column":3}}},"155":{"name":"(anonymous_162)","decl":{"start":{"line":1110,"column":23},"end":{"line":1110,"column":30}},"loc":{"start":{"line":1110,"column":64},"end":{"line":1119,"column":4}}},"156":{"name":"(anonymous_163)","decl":{"start":{"line":1110,"column":64},"end":{"line":1110,"column":null}},"loc":{"start":{"line":1110,"column":64},"end":{"line":1119,"column":3}}},"157":{"name":"(anonymous_164)","decl":{"start":{"line":1126,"column":9},"end":{"line":1126,"column":16}},"loc":{"start":{"line":1126,"column":54},"end":{"line":1139,"column":4}}},"158":{"name":"(anonymous_165)","decl":{"start":{"line":1126,"column":54},"end":{"line":1126,"column":null}},"loc":{"start":{"line":1126,"column":54},"end":{"line":1139,"column":3}}},"159":{"name":"(anonymous_166)","decl":{"start":{"line":1147,"column":10},"end":{"line":1147,"column":17}},"loc":{"start":{"line":1147,"column":96},"end":{"line":1156,"column":4}}},"160":{"name":"(anonymous_167)","decl":{"start":{"line":1147,"column":96},"end":{"line":1147,"column":null}},"loc":{"start":{"line":1147,"column":96},"end":{"line":1156,"column":3}}},"161":{"name":"(anonymous_168)","decl":{"start":{"line":1163,"column":10},"end":{"line":1163,"column":17}},"loc":{"start":{"line":1163,"column":57},"end":{"line":1170,"column":4}}},"162":{"name":"(anonymous_169)","decl":{"start":{"line":1163,"column":57},"end":{"line":1163,"column":null}},"loc":{"start":{"line":1163,"column":57},"end":{"line":1170,"column":3}}},"163":{"name":"(anonymous_170)","decl":{"start":{"line":1177,"column":15},"end":{"line":1177,"column":22}},"loc":{"start":{"line":1177,"column":62},"end":{"line":1184,"column":4}}},"164":{"name":"(anonymous_171)","decl":{"start":{"line":1177,"column":62},"end":{"line":1177,"column":null}},"loc":{"start":{"line":1177,"column":62},"end":{"line":1184,"column":3}}},"165":{"name":"(anonymous_172)","decl":{"start":{"line":1193,"column":19},"end":{"line":1193,"column":26}},"loc":{"start":{"line":1193,"column":66},"end":{"line":1200,"column":4}}},"166":{"name":"(anonymous_173)","decl":{"start":{"line":1193,"column":66},"end":{"line":1193,"column":null}},"loc":{"start":{"line":1193,"column":66},"end":{"line":1200,"column":3}}},"167":{"name":"(anonymous_174)","decl":{"start":{"line":1208,"column":9},"end":{"line":1208,"column":16}},"loc":{"start":{"line":1208,"column":75},"end":{"line":1219,"column":4}}},"168":{"name":"(anonymous_175)","decl":{"start":{"line":1208,"column":75},"end":{"line":1208,"column":null}},"loc":{"start":{"line":1208,"column":75},"end":{"line":1219,"column":3}}},"169":{"name":"(anonymous_176)","decl":{"start":{"line":1227,"column":14},"end":{"line":1227,"column":21}},"loc":{"start":{"line":1227,"column":79},"end":{"line":1238,"column":4}}},"170":{"name":"(anonymous_177)","decl":{"start":{"line":1227,"column":79},"end":{"line":1227,"column":null}},"loc":{"start":{"line":1227,"column":79},"end":{"line":1238,"column":3}}},"171":{"name":"(anonymous_178)","decl":{"start":{"line":1246,"column":14},"end":{"line":1246,"column":21}},"loc":{"start":{"line":1246,"column":88},"end":{"line":1257,"column":4}}},"172":{"name":"(anonymous_179)","decl":{"start":{"line":1246,"column":88},"end":{"line":1246,"column":null}},"loc":{"start":{"line":1246,"column":88},"end":{"line":1257,"column":3}}},"173":{"name":"(anonymous_180)","decl":{"start":{"line":1265,"column":15},"end":{"line":1265,"column":22}},"loc":{"start":{"line":1265,"column":82},"end":{"line":1276,"column":4}}},"174":{"name":"(anonymous_181)","decl":{"start":{"line":1265,"column":82},"end":{"line":1265,"column":null}},"loc":{"start":{"line":1265,"column":82},"end":{"line":1276,"column":3}}},"175":{"name":"(anonymous_182)","decl":{"start":{"line":1283,"column":12},"end":{"line":1283,"column":19}},"loc":{"start":{"line":1283,"column":94},"end":{"line":1289,"column":4}}},"176":{"name":"(anonymous_183)","decl":{"start":{"line":1283,"column":94},"end":{"line":1283,"column":null}},"loc":{"start":{"line":1283,"column":94},"end":{"line":1289,"column":3}}},"177":{"name":"(anonymous_184)","decl":{"start":{"line":1296,"column":13},"end":{"line":1296,"column":null}},"loc":{"start":{"line":1299,"column":49},"end":{"line":1305,"column":4}}},"178":{"name":"(anonymous_185)","decl":{"start":{"line":1299,"column":49},"end":{"line":1299,"column":null}},"loc":{"start":{"line":1299,"column":49},"end":{"line":1305,"column":3}}},"179":{"name":"(anonymous_186)","decl":{"start":{"line":1311,"column":20},"end":{"line":1311,"column":74}},"loc":{"start":{"line":1311,"column":76},"end":{"line":1313,"column":4}}},"180":{"name":"(anonymous_187)","decl":{"start":{"line":1311,"column":76},"end":{"line":1311,"column":null}},"loc":{"start":{"line":1311,"column":76},"end":{"line":1313,"column":3}}},"181":{"name":"(anonymous_188)","decl":{"start":{"line":1320,"column":22},"end":{"line":1320,"column":29}},"loc":{"start":{"line":1320,"column":96},"end":{"line":1327,"column":4}}},"182":{"name":"(anonymous_189)","decl":{"start":{"line":1320,"column":96},"end":{"line":1320,"column":null}},"loc":{"start":{"line":1320,"column":96},"end":{"line":1327,"column":3}}},"183":{"name":"(anonymous_190)","decl":{"start":{"line":1334,"column":27},"end":{"line":1334,"column":null}},"loc":{"start":{"line":1336,"column":54},"end":{"line":1343,"column":4}}},"184":{"name":"(anonymous_191)","decl":{"start":{"line":1336,"column":54},"end":{"line":1336,"column":null}},"loc":{"start":{"line":1336,"column":54},"end":{"line":1343,"column":3}}},"185":{"name":"(anonymous_192)","decl":{"start":{"line":1350,"column":25},"end":{"line":1350,"column":null}},"loc":{"start":{"line":1352,"column":55},"end":{"line":1358,"column":4}}},"186":{"name":"(anonymous_193)","decl":{"start":{"line":1352,"column":55},"end":{"line":1352,"column":null}},"loc":{"start":{"line":1352,"column":55},"end":{"line":1358,"column":3}}},"187":{"name":"(anonymous_194)","decl":{"start":{"line":1365,"column":20},"end":{"line":1365,"column":null}},"loc":{"start":{"line":1368,"column":48},"end":{"line":1374,"column":4}}},"188":{"name":"(anonymous_195)","decl":{"start":{"line":1368,"column":48},"end":{"line":1368,"column":null}},"loc":{"start":{"line":1368,"column":48},"end":{"line":1374,"column":3}}},"189":{"name":"(anonymous_196)","decl":{"start":{"line":1381,"column":15},"end":{"line":1381,"column":null}},"loc":{"start":{"line":1384,"column":49},"end":{"line":1390,"column":4}}},"190":{"name":"(anonymous_197)","decl":{"start":{"line":1384,"column":49},"end":{"line":1384,"column":null}},"loc":{"start":{"line":1384,"column":49},"end":{"line":1390,"column":3}}},"191":{"name":"(anonymous_198)","decl":{"start":{"line":1397,"column":16},"end":{"line":1397,"column":null}},"loc":{"start":{"line":1400,"column":52},"end":{"line":1406,"column":4}}},"192":{"name":"(anonymous_199)","decl":{"start":{"line":1400,"column":52},"end":{"line":1400,"column":null}},"loc":{"start":{"line":1400,"column":52},"end":{"line":1406,"column":3}}},"193":{"name":"(anonymous_200)","decl":{"start":{"line":1425,"column":2},"end":{"line":1425,"column":14}},"loc":{"start":{"line":1425,"column":55},"end":{"line":1447,"column":3}}},"194":{"name":"(anonymous_201)","decl":{"start":{"line":1454,"column":19},"end":{"line":1454,"column":20}},"loc":{"start":{"line":1454,"column":69},"end":{"line":1460,"column":3}}},"195":{"name":"(anonymous_202)","decl":{"start":{"line":1465,"column":19},"end":{"line":1465,"column":42}},"loc":{"start":{"line":1465,"column":44},"end":{"line":1467,"column":3}}},"196":{"name":"(anonymous_203)","decl":{"start":{"line":1472,"column":19},"end":{"line":1472,"column":31}},"loc":{"start":{"line":1472,"column":33},"end":{"line":1474,"column":3}}},"197":{"name":"(anonymous_204)","decl":{"start":{"line":1479,"column":23},"end":{"line":1479,"column":30}},"loc":{"start":{"line":1479,"column":76},"end":{"line":1495,"column":4}}},"198":{"name":"(anonymous_205)","decl":{"start":{"line":1479,"column":76},"end":{"line":1479,"column":null}},"loc":{"start":{"line":1479,"column":76},"end":{"line":1495,"column":3}}},"199":{"name":"(anonymous_206)","decl":{"start":{"line":1500,"column":21},"end":{"line":1500,"column":44}},"loc":{"start":{"line":1500,"column":46},"end":{"line":1505,"column":3}}},"200":{"name":"(anonymous_207)","decl":{"start":{"line":1510,"column":21},"end":{"line":1510,"column":30}},"loc":{"start":{"line":1510,"column":32},"end":{"line":1513,"column":3}}},"201":{"name":"(anonymous_208)","decl":{"start":{"line":1519,"column":29},"end":{"line":1519,"column":30}},"loc":{"start":{"line":1519,"column":55},"end":{"line":1521,"column":3}}},"202":{"name":"(anonymous_209)","decl":{"start":{"line":1526,"column":29},"end":{"line":1526,"column":50}},"loc":{"start":{"line":1526,"column":52},"end":{"line":1528,"column":3}}},"203":{"name":"(anonymous_210)","decl":{"start":{"line":1535,"column":25},"end":{"line":1535,"column":37}},"loc":{"start":{"line":1535,"column":39},"end":{"line":1539,"column":3}}},"204":{"name":"(anonymous_211)","decl":{"start":{"line":1545,"column":16},"end":{"line":1545,"column":17}},"loc":{"start":{"line":1545,"column":43},"end":{"line":1547,"column":3}}},"205":{"name":"(anonymous_212)","decl":{"start":{"line":1552,"column":16},"end":{"line":1552,"column":28}},"loc":{"start":{"line":1552,"column":30},"end":{"line":1554,"column":3}}},"206":{"name":"(anonymous_213)","decl":{"start":{"line":1560,"column":20},"end":{"line":1560,"column":21}},"loc":{"start":{"line":1560,"column":51},"end":{"line":1562,"column":3}}},"207":{"name":"(anonymous_214)","decl":{"start":{"line":1567,"column":20},"end":{"line":1567,"column":32}},"loc":{"start":{"line":1567,"column":34},"end":{"line":1569,"column":3}}},"208":{"name":"(anonymous_215)","decl":{"start":{"line":1576,"column":27},"end":{"line":1576,"column":34}},"loc":{"start":{"line":1576,"column":93},"end":{"line":1601,"column":4}}},"209":{"name":"(anonymous_216)","decl":{"start":{"line":1576,"column":93},"end":{"line":1576,"column":null}},"loc":{"start":{"line":1576,"column":93},"end":{"line":1601,"column":3}}}},"branchMap":{"0":{"loc":{"start":{"line":78,"column":4},"end":{"line":83,"column":null}},"type":"if","locations":[{"start":{"line":78,"column":4},"end":{"line":83,"column":null}}]},"1":{"loc":{"start":{"line":78,"column":8},"end":{"line":78,"column":71}},"type":"binary-expr","locations":[{"start":{"line":78,"column":8},"end":{"line":78,"column":35}},{"start":{"line":78,"column":39},"end":{"line":78,"column":71}}]},"2":{"loc":{"start":{"line":79,"column":6},"end":{"line":81,"column":null}},"type":"if","locations":[{"start":{"line":79,"column":6},"end":{"line":81,"column":null}}]},"3":{"loc":{"start":{"line":93,"column":4},"end":{"line":109,"column":null}},"type":"if","locations":[{"start":{"line":93,"column":4},"end":{"line":109,"column":null}},{"start":{"line":95,"column":11},"end":{"line":109,"column":null}}]},"4":{"loc":{"start":{"line":97,"column":6},"end":{"line":101,"column":null}},"type":"if","locations":[{"start":{"line":97,"column":6},"end":{"line":101,"column":null}}]},"5":{"loc":{"start":{"line":102,"column":6},"end":{"line":105,"column":null}},"type":"if","locations":[{"start":{"line":102,"column":6},"end":{"line":105,"column":null}}]},"6":{"loc":{"start":{"line":106,"column":6},"end":{"line":108,"column":null}},"type":"if","locations":[{"start":{"line":106,"column":6},"end":{"line":108,"column":null}}]},"7":{"loc":{"start":{"line":113,"column":4},"end":{"line":119,"column":null}},"type":"if","locations":[{"start":{"line":113,"column":4},"end":{"line":119,"column":null}}]},"8":{"loc":{"start":{"line":115,"column":6},"end":{"line":117,"column":null}},"type":"if","locations":[{"start":{"line":115,"column":6},"end":{"line":117,"column":null}}]},"9":{"loc":{"start":{"line":115,"column":10},"end":{"line":115,"column":71}},"type":"cond-expr","locations":[{"start":{"line":115,"column":41},"end":{"line":115,"column":43}},{"start":{"line":115,"column":41},"end":{"line":115,"column":71}}]},"10":{"loc":{"start":{"line":115,"column":10},"end":{"line":115,"column":43}},"type":"binary-expr","locations":[{"start":{"line":115,"column":10},"end":{"line":115,"column":43}},{"start":{"line":115,"column":41},"end":{"line":115,"column":43}}]},"11":{"loc":{"start":{"line":1149,"column":6},"end":{"line":1149,"column":88}},"type":"cond-expr","locations":[{"start":{"line":1149,"column":31},"end":{"line":1149,"column":73}},{"start":{"line":1149,"column":76},"end":{"line":1149,"column":88}}]},"12":{"loc":{"start":{"line":1167,"column":14},"end":{"line":1167,"column":83}},"type":"cond-expr","locations":[{"start":{"line":1167,"column":39},"end":{"line":1167,"column":71}},{"start":{"line":1167,"column":74},"end":{"line":1167,"column":83}}]},"13":{"loc":{"start":{"line":1181,"column":14},"end":{"line":1181,"column":83}},"type":"cond-expr","locations":[{"start":{"line":1181,"column":39},"end":{"line":1181,"column":71}},{"start":{"line":1181,"column":74},"end":{"line":1181,"column":83}}]},"14":{"loc":{"start":{"line":1197,"column":14},"end":{"line":1197,"column":83}},"type":"cond-expr","locations":[{"start":{"line":1197,"column":39},"end":{"line":1197,"column":71}},{"start":{"line":1197,"column":74},"end":{"line":1197,"column":83}}]},"15":{"loc":{"start":{"line":1286,"column":24},"end":{"line":1286,"column":38}},"type":"cond-expr","locations":[{"start":{"line":1286,"column":24},"end":{"line":1286,"column":30}},{"start":{"line":1286,"column":34},"end":{"line":1286,"column":38}}]},"16":{"loc":{"start":{"line":1286,"column":24},"end":{"line":1286,"column":34}},"type":"binary-expr","locations":[{"start":{"line":1286,"column":24},"end":{"line":1286,"column":34}},{"start":{"line":1286,"column":24},"end":{"line":1286,"column":34}}]},"17":{"loc":{"start":{"line":1302,"column":48},"end":{"line":1302,"column":62}},"type":"cond-expr","locations":[{"start":{"line":1302,"column":48},"end":{"line":1302,"column":54}},{"start":{"line":1302,"column":58},"end":{"line":1302,"column":62}}]},"18":{"loc":{"start":{"line":1302,"column":48},"end":{"line":1302,"column":58}},"type":"binary-expr","locations":[{"start":{"line":1302,"column":48},"end":{"line":1302,"column":58}},{"start":{"line":1302,"column":48},"end":{"line":1302,"column":58}}]},"19":{"loc":{"start":{"line":1371,"column":24},"end":{"line":1371,"column":38}},"type":"cond-expr","locations":[{"start":{"line":1371,"column":24},"end":{"line":1371,"column":30}},{"start":{"line":1371,"column":34},"end":{"line":1371,"column":38}}]},"20":{"loc":{"start":{"line":1371,"column":24},"end":{"line":1371,"column":34}},"type":"binary-expr","locations":[{"start":{"line":1371,"column":24},"end":{"line":1371,"column":34}},{"start":{"line":1371,"column":24},"end":{"line":1371,"column":34}}]},"21":{"loc":{"start":{"line":1387,"column":24},"end":{"line":1387,"column":38}},"type":"cond-expr","locations":[{"start":{"line":1387,"column":24},"end":{"line":1387,"column":30}},{"start":{"line":1387,"column":34},"end":{"line":1387,"column":38}}]},"22":{"loc":{"start":{"line":1387,"column":24},"end":{"line":1387,"column":34}},"type":"binary-expr","locations":[{"start":{"line":1387,"column":24},"end":{"line":1387,"column":34}},{"start":{"line":1387,"column":24},"end":{"line":1387,"column":34}}]},"23":{"loc":{"start":{"line":1403,"column":51},"end":{"line":1403,"column":65}},"type":"cond-expr","locations":[{"start":{"line":1403,"column":51},"end":{"line":1403,"column":57}},{"start":{"line":1403,"column":61},"end":{"line":1403,"column":65}}]},"24":{"loc":{"start":{"line":1403,"column":51},"end":{"line":1403,"column":61}},"type":"binary-expr","locations":[{"start":{"line":1403,"column":51},"end":{"line":1403,"column":61}},{"start":{"line":1403,"column":51},"end":{"line":1403,"column":61}}]},"25":{"loc":{"start":{"line":1456,"column":4},"end":{"line":1456,"column":27}},"type":"if","locations":[{"start":{"line":1456,"column":4},"end":{"line":1456,"column":27}}]},"26":{"loc":{"start":{"line":1480,"column":23},"end":{"line":1480,"column":56}},"type":"cond-expr","locations":[{"start":{"line":1480,"column":23},"end":{"line":1480,"column":29}},{"start":{"line":1480,"column":33},"end":{"line":1480,"column":56}}]},"27":{"loc":{"start":{"line":1480,"column":23},"end":{"line":1480,"column":33}},"type":"binary-expr","locations":[{"start":{"line":1480,"column":23},"end":{"line":1480,"column":33}},{"start":{"line":1480,"column":23},"end":{"line":1480,"column":33}}]},"28":{"loc":{"start":{"line":1481,"column":4},"end":{"line":1494,"column":null}},"type":"switch","locations":[{"start":{"line":1482,"column":6},"end":{"line":1484,"column":14}},{"start":{"line":1486,"column":6},"end":{"line":1487,"column":73}},{"start":{"line":1489,"column":6},"end":{"line":1490,"column":63}},{"start":{"line":1492,"column":6},"end":{"line":1493,"column":57}}]},"29":{"loc":{"start":{"line":1501,"column":4},"end":{"line":1503,"column":null}},"type":"if","locations":[{"start":{"line":1501,"column":4},"end":{"line":1503,"column":null}}]},"30":{"loc":{"start":{"line":1501,"column":8},"end":{"line":1501,"column":42}},"type":"binary-expr","locations":[{"start":{"line":1501,"column":8},"end":{"line":1501,"column":21}},{"start":{"line":1501,"column":25},"end":{"line":1501,"column":42}}]},"31":{"loc":{"start":{"line":1536,"column":4},"end":{"line":1536,"column":50}},"type":"if","locations":[{"start":{"line":1536,"column":4},"end":{"line":1536,"column":50}}]},"32":{"loc":{"start":{"line":1577,"column":4},"end":{"line":1577,"column":45}},"type":"if","locations":[{"start":{"line":1577,"column":4},"end":{"line":1577,"column":45}}]},"33":{"loc":{"start":{"line":1578,"column":4},"end":{"line":1578,"column":57}},"type":"if","locations":[{"start":{"line":1578,"column":4},"end":{"line":1578,"column":57}}]},"34":{"loc":{"start":{"line":1579,"column":4},"end":{"line":1581,"column":null}},"type":"if","locations":[{"start":{"line":1579,"column":4},"end":{"line":1581,"column":null}}]},"35":{"loc":{"start":{"line":1579,"column":8},"end":{"line":1579,"column":54}},"type":"binary-expr","locations":[{"start":{"line":1579,"column":8},"end":{"line":1579,"column":27}},{"start":{"line":1579,"column":31},"end":{"line":1579,"column":54}}]},"36":{"loc":{"start":{"line":1595,"column":4},"end":{"line":1600,"column":null}},"type":"if","locations":[{"start":{"line":1595,"column":4},"end":{"line":1600,"column":null}},{"start":{"line":1598,"column":11},"end":{"line":1600,"column":null}}]},"37":{"loc":{"start":{"line":1434,"column":8},"end":{"line":1434,"column":21}},"type":"binary-expr","locations":[{"start":{"line":1434,"column":8},"end":{"line":1434,"column":15}},{"start":{"line":1434,"column":19},"end":{"line":1434,"column":21}}]},"38":{"loc":{"start":{"line":1436,"column":4},"end":{"line":1441,"column":null}},"type":"if","locations":[{"start":{"line":1436,"column":4},"end":{"line":1441,"column":null}},{"start":{"line":1438,"column":11},"end":{"line":1441,"column":null}}]},"39":{"loc":{"start":{"line":1438,"column":11},"end":{"line":1441,"column":null}},"type":"if","locations":[{"start":{"line":1438,"column":11},"end":{"line":1441,"column":null}}]},"40":{"loc":{"start":{"line":1442,"column":37},"end":{"line":1442,"column":70}},"type":"cond-expr","locations":[{"start":{"line":1442,"column":37},"end":{"line":1442,"column":62}},{"start":{"line":1442,"column":66},"end":{"line":1442,"column":70}}]},"41":{"loc":{"start":{"line":1442,"column":37},"end":{"line":1442,"column":66}},"type":"binary-expr","locations":[{"start":{"line":1442,"column":37},"end":{"line":1442,"column":66}},{"start":{"line":1442,"column":37},"end":{"line":1442,"column":66}}]}},"s":{"0":11,"1":11,"2":27,"3":2,"4":27,"5":1,"6":27,"7":102,"8":102,"9":3,"10":0,"11":3,"12":102,"13":102,"14":39,"15":63,"16":63,"17":43,"18":43,"19":43,"20":63,"21":13,"22":13,"23":63,"24":24,"25":102,"26":101,"27":101,"28":86,"29":15,"30":0,"31":0,"32":27,"33":4,"34":4,"35":27,"36":1,"37":1,"38":27,"39":1,"40":1,"41":1,"42":27,"43":1,"44":1,"45":1,"46":27,"47":3,"48":3,"49":3,"50":27,"51":1,"52":1,"53":27,"54":1,"55":1,"56":1,"57":27,"58":1,"59":1,"60":1,"61":27,"62":3,"63":3,"64":3,"65":27,"66":1,"67":1,"68":27,"69":1,"70":1,"71":27,"72":1,"73":1,"74":27,"75":1,"76":1,"77":1,"78":27,"79":1,"80":1,"81":1,"82":27,"83":1,"84":1,"85":1,"86":27,"87":1,"88":1,"89":1,"90":27,"91":1,"92":1,"93":1,"94":27,"95":6,"96":6,"97":6,"98":27,"99":3,"100":3,"101":3,"102":27,"103":3,"104":3,"105":3,"106":27,"107":3,"108":3,"109":3,"110":27,"111":1,"112":1,"113":1,"114":27,"115":1,"116":1,"117":27,"118":1,"119":1,"120":27,"121":1,"122":1,"123":27,"124":7,"125":7,"126":27,"127":1,"128":1,"129":27,"130":1,"131":1,"132":27,"133":5,"134":5,"135":5,"136":27,"137":1,"138":1,"139":1,"140":27,"141":2,"142":2,"143":2,"144":27,"145":2,"146":2,"147":27,"148":0,"149":0,"150":0,"151":27,"152":0,"153":0,"154":0,"155":27,"156":0,"157":0,"158":0,"159":27,"160":0,"161":0,"162":27,"163":0,"164":0,"165":0,"166":27,"167":0,"168":0,"169":0,"170":27,"171":1,"172":1,"173":3,"174":1,"175":27,"176":1,"177":1,"178":27,"179":0,"180":0,"181":27,"182":0,"183":0,"184":0,"185":0,"186":0,"187":27,"188":0,"189":0,"190":0,"191":27,"192":0,"193":0,"194":0,"195":27,"196":1,"197":1,"198":27,"199":1,"200":1,"201":27,"202":1,"203":1,"204":1,"205":27,"206":4,"207":4,"208":27,"209":1,"210":1,"211":1,"212":27,"213":1,"214":1,"215":27,"216":1,"217":1,"218":1,"219":27,"220":1,"221":1,"222":27,"223":1,"224":1,"225":1,"226":27,"227":1,"228":1,"229":27,"230":1,"231":1,"232":27,"233":1,"234":1,"235":27,"236":1,"237":1,"238":27,"239":1,"240":1,"241":27,"242":1,"243":1,"244":27,"245":7,"246":7,"247":7,"248":27,"249":1,"250":1,"251":27,"252":1,"253":1,"254":27,"255":1,"256":1,"257":27,"258":1,"259":1,"260":27,"261":1,"262":1,"263":27,"264":1,"265":1,"266":27,"267":1,"268":1,"269":27,"270":1,"271":1,"272":1,"273":27,"274":1,"275":1,"276":27,"277":1,"278":1,"279":1,"280":27,"281":1,"282":1,"283":27,"284":0,"285":0,"286":27,"287":0,"288":0,"289":27,"290":0,"291":0,"292":27,"293":0,"294":0,"295":0,"296":27,"297":0,"298":0,"299":0,"300":27,"301":0,"302":0,"303":0,"304":0,"305":27,"306":0,"307":0,"308":0,"309":27,"310":0,"311":0,"312":0,"313":27,"314":0,"315":0,"316":0,"317":27,"318":0,"319":0,"320":0,"321":0,"322":27,"323":0,"324":0,"325":0,"326":0,"327":27,"328":0,"329":0,"330":0,"331":0,"332":27,"333":0,"334":0,"335":0,"336":0,"337":27,"338":2,"339":2,"340":2,"341":27,"342":1,"343":1,"344":1,"345":27,"346":1,"347":1,"348":27,"349":0,"350":0,"351":0,"352":27,"353":0,"354":0,"355":0,"356":27,"357":1,"358":1,"359":1,"360":27,"361":2,"362":2,"363":2,"364":27,"365":2,"366":2,"367":2,"368":27,"369":2,"370":2,"371":2,"372":27,"373":27,"374":27,"375":27,"376":11,"377":27,"378":11,"379":11,"380":1,"381":10,"382":10,"383":10,"384":27,"385":112,"386":27,"387":111,"388":27,"389":6,"390":6,"391":6,"392":6,"393":6,"394":0,"395":0,"396":0,"397":27,"398":5,"399":5,"400":0,"401":27,"402":1,"403":1,"404":27,"405":10,"406":27,"407":9,"408":27,"409":101,"410":1,"411":100,"412":100,"413":27,"414":5,"415":27,"416":15,"417":27,"418":5,"419":27,"420":14,"421":27,"422":11,"423":11,"424":4,"425":11,"426":4,"427":11,"428":1,"429":10,"430":10,"431":10,"432":10,"433":10,"434":10,"435":9,"436":9,"437":1,"438":27,"439":27,"440":27,"441":1,"442":26,"443":11,"444":11,"445":27,"446":27,"447":27,"448":27,"449":27,"450":11},"f":{"0":27,"1":2,"2":1,"3":102,"4":102,"5":4,"6":4,"7":1,"8":1,"9":1,"10":1,"11":1,"12":1,"13":3,"14":3,"15":1,"16":1,"17":1,"18":1,"19":1,"20":1,"21":3,"22":3,"23":1,"24":1,"25":1,"26":1,"27":1,"28":1,"29":1,"30":1,"31":1,"32":1,"33":1,"34":1,"35":1,"36":1,"37":1,"38":1,"39":6,"40":6,"41":3,"42":3,"43":3,"44":3,"45":3,"46":3,"47":1,"48":1,"49":1,"50":1,"51":1,"52":1,"53":1,"54":1,"55":7,"56":7,"57":1,"58":1,"59":1,"60":1,"61":5,"62":5,"63":1,"64":1,"65":2,"66":2,"67":2,"68":2,"69":0,"70":0,"71":0,"72":0,"73":0,"74":0,"75":0,"76":0,"77":0,"78":0,"79":0,"80":0,"81":1,"82":1,"83":3,"84":1,"85":1,"86":0,"87":0,"88":0,"89":0,"90":0,"91":0,"92":0,"93":0,"94":0,"95":1,"96":1,"97":1,"98":1,"99":1,"100":1,"101":4,"102":4,"103":1,"104":1,"105":1,"106":1,"107":1,"108":1,"109":1,"110":1,"111":1,"112":1,"113":1,"114":1,"115":1,"116":1,"117":1,"118":1,"119":1,"120":1,"121":1,"122":1,"123":1,"124":1,"125":7,"126":7,"127":1,"128":1,"129":1,"130":1,"131":1,"132":1,"133":1,"134":1,"135":1,"136":1,"137":1,"138":1,"139":1,"140":1,"141":1,"142":1,"143":1,"144":1,"145":1,"146":1,"147":1,"148":1,"149":0,"150":0,"151":0,"152":0,"153":0,"154":0,"155":0,"156":0,"157":0,"158":0,"159":0,"160":0,"161":0,"162":0,"163":0,"164":0,"165":0,"166":0,"167":0,"168":0,"169":0,"170":0,"171":0,"172":0,"173":0,"174":0,"175":2,"176":2,"177":1,"178":1,"179":1,"180":1,"181":0,"182":0,"183":0,"184":0,"185":1,"186":1,"187":2,"188":2,"189":2,"190":2,"191":2,"192":2,"193":27,"194":11,"195":112,"196":111,"197":6,"198":6,"199":5,"200":1,"201":10,"202":9,"203":101,"204":5,"205":15,"206":5,"207":14,"208":11,"209":11},"b":{"0":[3],"1":[102,99],"2":[0],"3":[39,63],"4":[43],"5":[13],"6":[24],"7":[101],"8":[86],"9":[11,90],"10":[101,90],"11":[0,0],"12":[0,0],"13":[0,0],"14":[0,0],"15":[1,1],"16":[2,2],"17":[1,0],"18":[1,1],"19":[1,1],"20":[2,2],"21":[1,1],"22":[2,2],"23":[1,1],"24":[2,2],"25":[1],"26":[1,5],"27":[6,6],"28":[6,0,0,0],"29":[5],"30":[5,5],"31":[1],"32":[4],"33":[4],"34":[1],"35":[11,10],"36":[9,1],"37":[27,3],"38":[1,26],"39":[11],"40":[1,26],"41":[27,27]}}
}
