------------|---------|----------|---------|---------|--------------------------------------------------------------------------------------------------------------------------------------------------------------------------------------------------------------------------------------------------
File        | % Stmts | % Branch | % Funcs | % Lines | Uncovered Line #s                                                                                                                                                                                                                                
------------|---------|----------|---------|---------|--------------------------------------------------------------------------------------------------------------------------------------------------------------------------------------------------------------------------------------------------
All files   |   82.58 |    82.05 |   76.57 |   83.13 |                                                                                                                                                                                                                                                  
 helpers.ts |   96.55 |    83.33 |     100 |   95.23 | 18                                                                                                                                                                                                                                               
 index.ts   |     100 |      100 |       0 |     100 |                                                                                                                                                                                                                                                  
 spotify.ts |   81.37 |    81.94 |   75.71 |   82.17 | 80,121-122,575-577,586-590,602-608,622-623,638-640,658-669,720-721,735-747,762-771,783-790,1085,1093,1101,1111-1118,1127-1138,1149-1155,1164-1169,1178-1183,1194-1199,1209-1218,1228-1237,1247-1256,1266-1275,1321-1326,1336-1342,1487-1493,1504 
------------|---------|----------|---------|---------|--------------------------------------------------------------------------------------------------------------------------------------------------------------------------------------------------------------------------------------------------
