{"total": {"lines":{"total":415,"covered":345,"skipped":0,"pct":83.13},"statements":{"total":488,"covered":403,"skipped":0,"pct":82.58},"functions":{"total":222,"covered":170,"skipped":0,"pct":76.57},"branches":{"total":78,"covered":64,"skipped":0,"pct":82.05},"branchesTrue":{"total":0,"covered":0,"skipped":0,"pct":"Unknown"}}
,"/home/aerilym/git/spotify-js/src/helpers.ts": {"lines":{"total":21,"covered":20,"skipped":0,"pct":95.23},"functions":{"total":11,"covered":11,"skipped":0,"pct":100},"statements":{"total":29,"covered":28,"skipped":0,"pct":96.55},"branches":{"total":6,"covered":5,"skipped":0,"pct":83.33}}
,"/home/aerilym/git/spotify-js/src/index.ts": {"lines":{"total":7,"covered":7,"skipped":0,"pct":100},"functions":{"total":1,"covered":0,"skipped":0,"pct":0},"statements":{"total":8,"covered":8,"skipped":0,"pct":100},"branches":{"total":0,"covered":0,"skipped":0,"pct":100}}
,"/home/aerilym/git/spotify-js/src/spotify.ts": {"lines":{"total":387,"covered":318,"skipped":0,"pct":82.17},"functions":{"total":210,"covered":159,"skipped":0,"pct":75.71},"statements":{"total":451,"covered":367,"skipped":0,"pct":81.37},"branches":{"total":72,"covered":59,"skipped":0,"pct":81.94}}
}
