------------|---------|----------|---------|---------|--------------------------------------------------------------------------------------------------------------------------------------------------------------------------------------------------------------------------------------------------
File        | % Stmts | % Branch | % Funcs | % Lines | Uncovered Line #s                                                                                                                                                                                                                                
------------|---------|----------|---------|---------|--------------------------------------------------------------------------------------------------------------------------------------------------------------------------------------------------------------------------------------------------
All files   |   82.65 |    82.05 |   76.57 |   83.21 |                                                                                                                                                                                                                                                  
 helpers.ts |   96.55 |    83.33 |     100 |   95.23 | 18                                                                                                                                                                                                                                               
 index.ts   |     100 |      100 |       0 |     100 |                                                                                                                                                                                                                                                  
 spotify.ts |   81.37 |    81.94 |   75.71 |   82.17 | 80,121-122,575-577,586-590,602-608,622-623,638-640,658-669,720-721,735-747,762-771,783-790,1085,1093,1101,1112-1119,1129-1140,1151-1157,1167-1172,1182-1187,1199-1204,1215-1224,1235-1244,1255-1264,1275-1284,1330-1335,1345-1351,1496-1502,1513 
------------|---------|----------|---------|---------|--------------------------------------------------------------------------------------------------------------------------------------------------------------------------------------------------------------------------------------------------
